This file contains any messages produced by compilers while
running configure, to aid debugging if configure makes a mistake.

It was created by libosmscout configure 0.1, which was
generated by GNU Autoconf 2.69.  Invocation command line was

  $ ./configure 

## --------- ##
## Platform. ##
## --------- ##

hostname = Betobens-Mac.local
uname -m = x86_64
uname -r = 15.0.0
uname -s = Darwin
uname -v = Darwin Kernel Version 15.0.0: Wed Aug 26 16:57:32 PDT 2015; root:xnu-3247.1.106~1/RELEASE_X86_64

/usr/bin/uname -p = i386
/bin/uname -X     = unknown

/bin/arch              = unknown
/usr/bin/arch -k       = unknown
/usr/convex/getsysinfo = unknown
/usr/bin/hostinfo      = Mach kernel version:
	 Darwin Kernel Version 15.0.0: Wed Aug 26 16:57:32 PDT 2015; root:xnu-3247.1.106~1/RELEASE_X86_64
Kernel configured for up to 2 processors.
2 processors are physically available.
2 processors are logically available.
Processor type: i486 (Intel 80486)
Processors active: 0 1
Primary memory available: 6.00 gigabytes
Default processor set: 302 tasks, 1062 threads, 2 processors
Load average: 2.93, Mach factor: 0.50
/bin/machine           = unknown
/usr/bin/oslevel       = unknown
/bin/universe          = unknown

PATH: /usr/local/bin
PATH: /usr/bin
PATH: /bin
PATH: /usr/sbin
PATH: /sbin


## ----------- ##
## Core tests. ##
## ----------- ##

configure:2784: checking for a BSD-compatible install
configure:2852: result: /usr/bin/install -c
configure:2863: checking whether build environment is sane
configure:2918: result: yes
configure:3069: checking for a thread-safe mkdir -p
configure:3108: result: ./install-sh -c -d
configure:3115: checking for gawk
configure:3145: result: no
configure:3115: checking for mawk
configure:3145: result: no
configure:3115: checking for nawk
configure:3145: result: no
configure:3115: checking for awk
configure:3131: found /usr/bin/awk
configure:3142: result: awk
configure:3153: checking whether make sets $(MAKE)
configure:3175: result: yes
configure:3204: checking whether make supports nested variables
configure:3221: result: yes
configure:3355: checking whether make supports nested variables
configure:3372: result: yes
configure:3442: checking for g++
configure:3458: found /usr/bin/g++
configure:3469: result: g++
configure:3496: checking for C++ compiler version
configure:3505: g++ --version >&5
Apple LLVM version 7.3.0 (clang-703.0.29)
Target: x86_64-apple-darwin15.0.0
Thread model: posix
InstalledDir: /Applications/Xcode.app/Contents/Developer/Toolchains/XcodeDefault.xctoolchain/usr/bin
Configured with: --prefix=/Applications/Xcode.app/Contents/Developer/usr --with-gxx-include-dir=/usr/include/c++/4.2.1
configure:3516: $? = 0
configure:3505: g++ -v >&5
Configured with: --prefix=/Applications/Xcode.app/Contents/Developer/usr --with-gxx-include-dir=/usr/include/c++/4.2.1
Apple LLVM version 7.3.0 (clang-703.0.29)
Target: x86_64-apple-darwin15.0.0
Thread model: posix
InstalledDir: /Applications/Xcode.app/Contents/Developer/Toolchains/XcodeDefault.xctoolchain/usr/bin
configure:3516: $? = 0
configure:3505: g++ -V >&5
clang: error: argument to '-V' is missing (expected 1 value)
clang: error: no input files
configure:3516: $? = 1
configure:3505: g++ -qversion >&5
clang: error: unknown argument: '-qversion'
clang: error: no input files
configure:3516: $? = 1
configure:3536: checking whether the C++ compiler works
configure:3558: g++    conftest.cpp  >&5
configure:3562: $? = 0
configure:3610: result: yes
configure:3613: checking for C++ compiler default output file name
configure:3615: result: a.out
configure:3621: checking for suffix of executables
configure:3628: g++ -o conftest    conftest.cpp  >&5
configure:3632: $? = 0
configure:3654: result: 
configure:3676: checking whether we are cross compiling
configure:3684: g++ -o conftest    conftest.cpp  >&5
configure:3688: $? = 0
configure:3695: ./conftest
configure:3699: $? = 0
configure:3714: result: no
configure:3719: checking for suffix of object files
configure:3741: g++ -c   conftest.cpp >&5
configure:3745: $? = 0
configure:3766: result: o
configure:3770: checking whether we are using the GNU C++ compiler
configure:3789: g++ -c   conftest.cpp >&5
configure:3789: $? = 0
configure:3798: result: yes
configure:3807: checking whether g++ accepts -g
configure:3827: g++ -c -g  conftest.cpp >&5
configure:3827: $? = 0
configure:3868: result: yes
configure:3902: checking for style of include used by make
configure:3930: result: GNU
configure:3956: checking dependency style of g++
configure:4067: result: gcc3
configure:4113: checking build system type
configure:4127: result: x86_64-apple-darwin15.0.0
configure:4147: checking host system type
configure:4160: result: x86_64-apple-darwin15.0.0
configure:4201: checking how to print strings
configure:4228: result: printf
configure:4297: checking for gcc
configure:4313: found /usr/bin/gcc
configure:4324: result: gcc
configure:4553: checking for C compiler version
configure:4562: gcc --version >&5
Apple LLVM version 7.3.0 (clang-703.0.29)
Target: x86_64-apple-darwin15.0.0
Thread model: posix
InstalledDir: /Applications/Xcode.app/Contents/Developer/Toolchains/XcodeDefault.xctoolchain/usr/bin
Configured with: --prefix=/Applications/Xcode.app/Contents/Developer/usr --with-gxx-include-dir=/usr/include/c++/4.2.1
configure:4573: $? = 0
configure:4562: gcc -v >&5
Configured with: --prefix=/Applications/Xcode.app/Contents/Developer/usr --with-gxx-include-dir=/usr/include/c++/4.2.1
Apple LLVM version 7.3.0 (clang-703.0.29)
Target: x86_64-apple-darwin15.0.0
Thread model: posix
InstalledDir: /Applications/Xcode.app/Contents/Developer/Toolchains/XcodeDefault.xctoolchain/usr/bin
configure:4573: $? = 0
configure:4562: gcc -V >&5
clang: error: argument to '-V' is missing (expected 1 value)
clang: error: no input files
configure:4573: $? = 1
configure:4562: gcc -qversion >&5
clang: error: unknown argument: '-qversion'
clang: error: no input files
configure:4573: $? = 1
configure:4577: checking whether we are using the GNU C compiler
configure:4596: gcc -c   conftest.c >&5
configure:4596: $? = 0
configure:4605: result: yes
configure:4614: checking whether gcc accepts -g
configure:4634: gcc -c -g  conftest.c >&5
configure:4634: $? = 0
configure:4675: result: yes
configure:4692: checking for gcc option to accept ISO C89
configure:4755: gcc  -c -g -O2  conftest.c >&5
configure:4755: $? = 0
configure:4768: result: none needed
configure:4793: checking whether gcc understands -c and -o together
configure:4815: gcc -c conftest.c -o conftest2.o
configure:4818: $? = 0
configure:4815: gcc -c conftest.c -o conftest2.o
configure:4818: $? = 0
configure:4830: result: yes
configure:4849: checking dependency style of gcc
configure:4960: result: gcc3
configure:4975: checking for a sed that does not truncate output
configure:5039: result: /usr/bin/sed
configure:5057: checking for grep that handles long lines and -e
configure:5115: result: /usr/bin/grep
configure:5120: checking for egrep
configure:5182: result: /usr/bin/grep -E
configure:5187: checking for fgrep
configure:5249: result: /usr/bin/grep -F
configure:5284: checking for ld used by gcc
configure:5351: result: /Applications/Xcode.app/Contents/Developer/Toolchains/XcodeDefault.xctoolchain/usr/bin/ld
configure:5358: checking if the linker (/Applications/Xcode.app/Contents/Developer/Toolchains/XcodeDefault.xctoolchain/usr/bin/ld) is GNU ld
configure:5373: result: no
configure:5385: checking for BSD- or MS-compatible name lister (nm)
configure:5439: result: /usr/bin/nm -B
configure:5569: checking the name lister (/usr/bin/nm -B) interface
configure:5576: gcc -c -g -O2  conftest.c >&5
configure:5579: /usr/bin/nm -B "conftest.o"
configure:5582: output
00000000000001f8 S _some_variable
configure:5589: result: BSD nm
configure:5592: checking whether ln -s works
configure:5596: result: yes
configure:5604: checking the maximum length of command line arguments
configure:5735: result: 196608
configure:5783: checking how to convert x86_64-apple-darwin15.0.0 file names to x86_64-apple-darwin15.0.0 format
configure:5823: result: func_convert_file_noop
configure:5830: checking how to convert x86_64-apple-darwin15.0.0 file names to toolchain format
configure:5850: result: func_convert_file_noop
configure:5857: checking for /Applications/Xcode.app/Contents/Developer/Toolchains/XcodeDefault.xctoolchain/usr/bin/ld option to reload object files
configure:5864: result: -r
configure:5938: checking for objdump
configure:5968: result: no
configure:5994: checking how to recognize dependent libraries
configure:6194: result: pass_all
configure:6279: checking for dlltool
configure:6309: result: no
configure:6336: checking how to associate runtime and link libraries
configure:6363: result: printf %s\n
configure:6424: checking for ar
configure:6440: found /usr/bin/ar
configure:6451: result: ar
configure:6488: checking for archiver @FILE support
configure:6505: gcc -c -g -O2  conftest.c >&5
configure:6505: $? = 0
configure:6508: ar cru libconftest.a @conftest.lst >&5
ar: @conftest.lst: No such file or directory
configure:6511: $? = 1
configure:6531: result: no
configure:6589: checking for strip
configure:6605: found /usr/bin/strip
configure:6616: result: strip
configure:6688: checking for ranlib
configure:6704: found /usr/bin/ranlib
configure:6715: result: ranlib
configure:6817: checking command to parse /usr/bin/nm -B output from gcc object
configure:6970: gcc -c -g -O2  conftest.c >&5
configure:6973: $? = 0
configure:6977: /usr/bin/nm -B conftest.o \| sed -n -e 's/^.*[ ]\([BCDEGRST][BCDEGRST]*\)[ ][ ]*\([_A-Za-z][_A-Za-z0-9]*\)$/\1 \2 \2/p' | sed '/ __gnu_lto/d' \> conftest.nm
configure:6980: $? = 0
cannot find nm_test_var in conftest.nm
configure:6970: gcc -c -g -O2  conftest.c >&5
configure:6973: $? = 0
configure:6977: /usr/bin/nm -B conftest.o \| sed -n -e 's/^.*[ ]\([BCDEGRST][BCDEGRST]*\)[ ][ ]*_\([_A-Za-z][_A-Za-z0-9]*\)$/\1 _\2 \2/p' | sed '/ __gnu_lto/d' \> conftest.nm
configure:6980: $? = 0
configure:7046: gcc -o conftest -g -O2   conftest.c conftstm.o >&5
warning: (x86_64)  could not find object file symbol for symbol _main
configure:7049: $? = 0
configure:7087: result: ok
configure:7134: checking for sysroot
configure:7164: result: no
configure:7171: checking for a working dd
configure:7209: result: /bin/dd
configure:7213: checking how to truncate binary pipes
configure:7228: result: /bin/dd bs=4096 count=1
configure:7557: checking for mt
configure:7587: result: no
configure:7607: checking if : is a manifest tool
configure:7613: : '-?'
configure:7621: result: no
configure:7677: checking for dsymutil
configure:7693: found /usr/bin/dsymutil
configure:7704: result: dsymutil
configure:7769: checking for nmedit
configure:7785: found /usr/bin/nmedit
configure:7796: result: nmedit
configure:7861: checking for lipo
configure:7877: found /usr/bin/lipo
configure:7888: result: lipo
configure:7953: checking for otool
configure:7969: found /usr/bin/otool
configure:7980: result: otool
configure:8045: checking for otool64
configure:8075: result: no
configure:8120: checking for -single_module linker flag
gcc -g -O2  -o libconftest.dylib -dynamiclib -Wl,-single_module conftest.c
configure:8153: result: yes
configure:8156: checking for -exported_symbols_list linker flag
configure:8176: gcc -o conftest -g -O2   -Wl,-exported_symbols_list,conftest.sym conftest.c  >&5
configure:8176: $? = 0
configure:8186: result: yes
configure:8189: checking for -force_load linker flag
gcc -g -O2 -c -o conftest.o conftest.c
ar cru libconftest.a conftest.o
ranlib libconftest.a
gcc -g -O2  -o conftest conftest.c -Wl,-force_load,./libconftest.a
configure:8221: result: yes
configure:8298: checking how to run the C preprocessor
configure:8329: gcc -E  conftest.c
configure:8329: $? = 0
configure:8343: gcc -E  conftest.c
conftest.c:9:10: fatal error: 'ac_nonexistent.h' file not found
#include <ac_nonexistent.h>
         ^
1 error generated.
configure:8343: $? = 1
configure: failed program was:
| /* confdefs.h */
| #define PACKAGE_NAME "libosmscout"
| #define PACKAGE_TARNAME "libosmscout"
| #define PACKAGE_VERSION "0.1"
| #define PACKAGE_STRING "libosmscout 0.1"
| #define PACKAGE_BUGREPORT "tim@teulings.org"
| #define PACKAGE_URL ""
| /* end confdefs.h.  */
| #include <ac_nonexistent.h>
configure:8368: result: gcc -E
configure:8388: gcc -E  conftest.c
configure:8388: $? = 0
configure:8402: gcc -E  conftest.c
conftest.c:9:10: fatal error: 'ac_nonexistent.h' file not found
#include <ac_nonexistent.h>
         ^
1 error generated.
configure:8402: $? = 1
configure: failed program was:
| /* confdefs.h */
| #define PACKAGE_NAME "libosmscout"
| #define PACKAGE_TARNAME "libosmscout"
| #define PACKAGE_VERSION "0.1"
| #define PACKAGE_STRING "libosmscout 0.1"
| #define PACKAGE_BUGREPORT "tim@teulings.org"
| #define PACKAGE_URL ""
| /* end confdefs.h.  */
| #include <ac_nonexistent.h>
configure:8431: checking for ANSI C header files
configure:8451: gcc -c -g -O2  conftest.c >&5
configure:8451: $? = 0
configure:8524: gcc -o conftest -g -O2   conftest.c  >&5
configure:8524: $? = 0
configure:8524: ./conftest
configure:8524: $? = 0
configure:8535: result: yes
configure:8548: checking for sys/types.h
configure:8548: gcc -c -g -O2  conftest.c >&5
configure:8548: $? = 0
configure:8548: result: yes
configure:8548: checking for sys/stat.h
configure:8548: gcc -c -g -O2  conftest.c >&5
configure:8548: $? = 0
configure:8548: result: yes
configure:8548: checking for stdlib.h
configure:8548: gcc -c -g -O2  conftest.c >&5
configure:8548: $? = 0
configure:8548: result: yes
configure:8548: checking for string.h
configure:8548: gcc -c -g -O2  conftest.c >&5
configure:8548: $? = 0
configure:8548: result: yes
configure:8548: checking for memory.h
configure:8548: gcc -c -g -O2  conftest.c >&5
configure:8548: $? = 0
configure:8548: result: yes
configure:8548: checking for strings.h
configure:8548: gcc -c -g -O2  conftest.c >&5
configure:8548: $? = 0
configure:8548: result: yes
configure:8548: checking for inttypes.h
configure:8548: gcc -c -g -O2  conftest.c >&5
configure:8548: $? = 0
configure:8548: result: yes
configure:8548: checking for stdint.h
configure:8548: gcc -c -g -O2  conftest.c >&5
configure:8548: $? = 0
configure:8548: result: yes
configure:8548: checking for unistd.h
configure:8548: gcc -c -g -O2  conftest.c >&5
configure:8548: $? = 0
configure:8548: result: yes
configure:8562: checking for dlfcn.h
configure:8562: gcc -c -g -O2  conftest.c >&5
configure:8562: $? = 0
configure:8562: result: yes
configure:9126: checking for objdir
configure:9141: result: .libs
configure:9405: checking if gcc supports -fno-rtti -fno-exceptions
configure:9423: gcc -c -g -O2  -fno-rtti -fno-exceptions conftest.c >&5
configure:9427: $? = 0
configure:9440: result: yes
configure:9798: checking for gcc option to produce PIC
configure:9805: result: -fno-common -DPIC
configure:9813: checking if gcc PIC flag -fno-common -DPIC works
configure:9831: gcc -c -g -O2  -fno-common -DPIC -DPIC conftest.c >&5
configure:9835: $? = 0
configure:9848: result: yes
configure:9877: checking if gcc static flag -static works
configure:9905: result: no
configure:9920: checking if gcc supports -c -o file.o
configure:9941: gcc -c -g -O2  -o out/conftest2.o conftest.c >&5
configure:9945: $? = 0
configure:9967: result: yes
configure:9975: checking if gcc supports -c -o file.o
configure:10022: result: yes
configure:10055: checking whether the gcc linker (/Applications/Xcode.app/Contents/Developer/Toolchains/XcodeDefault.xctoolchain/usr/bin/ld) supports shared libraries
configure:11314: result: yes
configure:11554: checking dynamic linker characteristics
configure:12372: result: darwin15.0.0 dyld
configure:12494: checking how to hardcode library paths into programs
configure:12519: result: immediate
configure:13067: checking whether stripping libraries is possible
configure:13081: result: yes
configure:13107: checking if libtool supports shared libraries
configure:13109: result: yes
configure:13112: checking whether to build shared libraries
configure:13137: result: yes
configure:13140: checking whether to build static libraries
configure:13144: result: no
configure:13167: checking how to run the C++ preprocessor
configure:13194: g++ -E  conftest.cpp
configure:13194: $? = 0
configure:13208: g++ -E  conftest.cpp
conftest.cpp:21:10: fatal error: 'ac_nonexistent.h' file not found
#include <ac_nonexistent.h>
         ^
1 error generated.
configure:13208: $? = 1
configure: failed program was:
| /* confdefs.h */
| #define PACKAGE_NAME "libosmscout"
| #define PACKAGE_TARNAME "libosmscout"
| #define PACKAGE_VERSION "0.1"
| #define PACKAGE_STRING "libosmscout 0.1"
| #define PACKAGE_BUGREPORT "tim@teulings.org"
| #define PACKAGE_URL ""
| #define STDC_HEADERS 1
| #define HAVE_SYS_TYPES_H 1
| #define HAVE_SYS_STAT_H 1
| #define HAVE_STDLIB_H 1
| #define HAVE_STRING_H 1
| #define HAVE_MEMORY_H 1
| #define HAVE_STRINGS_H 1
| #define HAVE_INTTYPES_H 1
| #define HAVE_STDINT_H 1
| #define HAVE_UNISTD_H 1
| #define HAVE_DLFCN_H 1
| #define LT_OBJDIR ".libs/"
| /* end confdefs.h.  */
| #include <ac_nonexistent.h>
configure:13233: result: g++ -E
configure:13253: g++ -E  conftest.cpp
configure:13253: $? = 0
configure:13267: g++ -E  conftest.cpp
conftest.cpp:21:10: fatal error: 'ac_nonexistent.h' file not found
#include <ac_nonexistent.h>
         ^
1 error generated.
configure:13267: $? = 1
configure: failed program was:
| /* confdefs.h */
| #define PACKAGE_NAME "libosmscout"
| #define PACKAGE_TARNAME "libosmscout"
| #define PACKAGE_VERSION "0.1"
| #define PACKAGE_STRING "libosmscout 0.1"
| #define PACKAGE_BUGREPORT "tim@teulings.org"
| #define PACKAGE_URL ""
| #define STDC_HEADERS 1
| #define HAVE_SYS_TYPES_H 1
| #define HAVE_SYS_STAT_H 1
| #define HAVE_STDLIB_H 1
| #define HAVE_STRING_H 1
| #define HAVE_MEMORY_H 1
| #define HAVE_STRINGS_H 1
| #define HAVE_INTTYPES_H 1
| #define HAVE_STDINT_H 1
| #define HAVE_UNISTD_H 1
| #define HAVE_DLFCN_H 1
| #define LT_OBJDIR ".libs/"
| /* end confdefs.h.  */
| #include <ac_nonexistent.h>
configure:13429: checking for ld used by g++
configure:13496: result: /Applications/Xcode.app/Contents/Developer/Toolchains/XcodeDefault.xctoolchain/usr/bin/ld
configure:13503: checking if the linker (/Applications/Xcode.app/Contents/Developer/Toolchains/XcodeDefault.xctoolchain/usr/bin/ld) is GNU ld
configure:13518: result: no
configure:13573: checking whether the g++ linker (/Applications/Xcode.app/Contents/Developer/Toolchains/XcodeDefault.xctoolchain/usr/bin/ld) supports shared libraries
configure:14646: result: yes
configure:14682: g++ -c -g -O2  conftest.cpp >&5
configure:14685: $? = 0
configure:15166: checking for g++ option to produce PIC
configure:15173: result: -fno-common -DPIC
configure:15181: checking if g++ PIC flag -fno-common -DPIC works
configure:15199: g++ -c -g -O2  -fno-common -DPIC -DPIC conftest.cpp >&5
configure:15203: $? = 0
configure:15216: result: yes
configure:15239: checking if g++ static flag -static works
configure:15267: result: no
configure:15279: checking if g++ supports -c -o file.o
configure:15300: g++ -c -g -O2  -o out/conftest2.o conftest.cpp >&5
configure:15304: $? = 0
configure:15326: result: yes
configure:15331: checking if g++ supports -c -o file.o
configure:15378: result: yes
configure:15408: checking whether the g++ linker (/Applications/Xcode.app/Contents/Developer/Toolchains/XcodeDefault.xctoolchain/usr/bin/ld) supports shared libraries
configure:15448: result: yes
configure:15589: checking dynamic linker characteristics
configure:16334: result: darwin15.0.0 dyld
configure:16399: checking how to hardcode library paths into programs
configure:16424: result: immediate
configure:16490: checking whether the -Werror option is usable
configure:16509: gcc -c -g -O2 -Werror  conftest.c >&5
configure:16509: $? = 0
configure:16518: result: yes
configure:16520: checking for simple visibility declarations
configure:16547: gcc -c -g -O2 -fvisibility=hidden -Werror  conftest.c >&5
configure:16547: $? = 0
configure:16556: result: yes
configure:16590: checking whether g++ supports C++11 features by default
configure:16884: g++ -c -g -O2  conftest.cpp >&5
conftest.cpp:34:2: error: "This is not a C++11 compiler"
#error "This is not a C++11 compiler"
 ^
1 error generated.
configure:16884: $? = 1
configure: failed program was:
| /* confdefs.h */
| #define PACKAGE_NAME "libosmscout"
| #define PACKAGE_TARNAME "libosmscout"
| #define PACKAGE_VERSION "0.1"
| #define PACKAGE_STRING "libosmscout 0.1"
| #define PACKAGE_BUGREPORT "tim@teulings.org"
| #define PACKAGE_URL ""
| #define STDC_HEADERS 1
| #define HAVE_SYS_TYPES_H 1
| #define HAVE_SYS_STAT_H 1
| #define HAVE_STDLIB_H 1
| #define HAVE_STRING_H 1
| #define HAVE_MEMORY_H 1
| #define HAVE_STRINGS_H 1
| #define HAVE_INTTYPES_H 1
| #define HAVE_STDINT_H 1
| #define HAVE_UNISTD_H 1
| #define HAVE_DLFCN_H 1
| #define LT_OBJDIR ".libs/"
| #define HAVE_VISIBILITY 1
| #define OSMSCOUT_EXPORT_SYMBOLS 1
| /* end confdefs.h.  */
| 
| 
| // If the compiler admits that it is not ready for C++11, why torture it?
| // Hopefully, this will speed up the test.
| 
| #ifndef __cplusplus
| 
| #error "This is not a C++ compiler"
| 
| #elif __cplusplus < 201103L
| 
| #error "This is not a C++11 compiler"
| 
| #else
| 
| namespace cxx11
| {
| 
|   namespace test_static_assert
|   {
| 
|     template <typename T>
|     struct check
|     {
|       static_assert(sizeof(int) <= sizeof(T), "not big enough");
|     };
| 
|   }
| 
|   namespace test_final_override
|   {
| 
|     struct Base
|     {
|       virtual void f() {}
|     };
| 
|     struct Derived : public Base
|     {
|       virtual void f() override {}
|     };
| 
|   }
| 
|   namespace test_double_right_angle_brackets
|   {
| 
|     template < typename T >
|     struct check {};
| 
|     typedef check<void> single_type;
|     typedef check<check<void>> double_type;
|     typedef check<check<check<void>>> triple_type;
|     typedef check<check<check<check<void>>>> quadruple_type;
| 
|   }
| 
|   namespace test_decltype
|   {
| 
|     int
|     f()
|     {
|       int a = 1;
|       decltype(a) b = 2;
|       return a + b;
|     }
| 
|   }
| 
|   namespace test_type_deduction
|   {
| 
|     template < typename T1, typename T2 >
|     struct is_same
|     {
|       static const bool value = false;
|     };
| 
|     template < typename T >
|     struct is_same<T, T>
|     {
|       static const bool value = true;
|     };
| 
|     template < typename T1, typename T2 >
|     auto
|     add(T1 a1, T2 a2) -> decltype(a1 + a2)
|     {
|       return a1 + a2;
|     }
| 
|     int
|     test(const int c, volatile int v)
|     {
|       static_assert(is_same<int, decltype(0)>::value == true, "");
|       static_assert(is_same<int, decltype(c)>::value == false, "");
|       static_assert(is_same<int, decltype(v)>::value == false, "");
|       auto ac = c;
|       auto av = v;
|       auto sumi = ac + av + 'x';
|       auto sumf = ac + av + 1.0;
|       static_assert(is_same<int, decltype(ac)>::value == true, "");
|       static_assert(is_same<int, decltype(av)>::value == true, "");
|       static_assert(is_same<int, decltype(sumi)>::value == true, "");
|       static_assert(is_same<int, decltype(sumf)>::value == false, "");
|       static_assert(is_same<int, decltype(add(c, v))>::value == true, "");
|       return (sumf > 0.0) ? sumi : add(c, v);
|     }
| 
|   }
| 
|   namespace test_noexcept
|   {
| 
|     int f() { return 0; }
|     int g() noexcept { return 0; }
| 
|     static_assert(noexcept(f()) == false, "");
|     static_assert(noexcept(g()) == true, "");
| 
|   }
| 
|   namespace test_constexpr
|   {
| 
|     template < typename CharT >
|     unsigned long constexpr
|     strlen_c_r(const CharT *const s, const unsigned long acc) noexcept
|     {
|       return *s ? strlen_c_r(s + 1, acc + 1) : acc;
|     }
| 
|     template < typename CharT >
|     unsigned long constexpr
|     strlen_c(const CharT *const s) noexcept
|     {
|       return strlen_c_r(s, 0UL);
|     }
| 
|     static_assert(strlen_c("") == 0UL, "");
|     static_assert(strlen_c("1") == 1UL, "");
|     static_assert(strlen_c("example") == 7UL, "");
|     static_assert(strlen_c("another\0example") == 7UL, "");
| 
|   }
| 
|   namespace test_rvalue_references
|   {
| 
|     template < int N >
|     struct answer
|     {
|       static constexpr int value = N;
|     };
| 
|     answer<1> f(int&)       { return answer<1>(); }
|     answer<2> f(const int&) { return answer<2>(); }
|     answer<3> f(int&&)      { return answer<3>(); }
| 
|     void
|     test()
|     {
|       int i = 0;
|       const int c = 0;
|       static_assert(decltype(f(i))::value == 1, "");
|       static_assert(decltype(f(c))::value == 2, "");
|       static_assert(decltype(f(0))::value == 3, "");
|     }
| 
|   }
| 
|   namespace test_uniform_initialization
|   {
| 
|     struct test
|     {
|       static const int zero {};
|       static const int one {1};
|     };
| 
|     static_assert(test::zero == 0, "");
|     static_assert(test::one == 1, "");
| 
|   }
| 
|   namespace test_lambdas
|   {
| 
|     void
|     test1()
|     {
|       auto lambda1 = [](){};
|       auto lambda2 = lambda1;
|       lambda1();
|       lambda2();
|     }
| 
|     int
|     test2()
|     {
|       auto a = [](int i, int j){ return i + j; }(1, 2);
|       auto b = []() -> int { return '0'; }();
|       auto c = [=](){ return a + b; }();
|       auto d = [&](){ return c; }();
|       auto e = [a, &b](int x) mutable {
|         const auto identity = [](int y){ return y; };
|         for (auto i = 0; i < a; ++i)
|           a += b--;
|         return x + identity(a + b);
|       }(0);
|       return a + b + c + d + e;
|     }
| 
|     int
|     test3()
|     {
|       const auto nullary = [](){ return 0; };
|       const auto unary = [](int x){ return x; };
|       using nullary_t = decltype(nullary);
|       using unary_t = decltype(unary);
|       const auto higher1st = [](nullary_t f){ return f(); };
|       const auto higher2nd = [unary](nullary_t f1){
|         return [unary, f1](unary_t f2){ return f2(unary(f1())); };
|       };
|       return higher1st(nullary) + higher2nd(nullary)(unary);
|     }
| 
|   }
| 
|   namespace test_variadic_templates
|   {
| 
|     template <int...>
|     struct sum;
| 
|     template <int N0, int... N1toN>
|     struct sum<N0, N1toN...>
|     {
|       static constexpr auto value = N0 + sum<N1toN...>::value;
|     };
| 
|     template <>
|     struct sum<>
|     {
|       static constexpr auto value = 0;
|     };
| 
|     static_assert(sum<>::value == 0, "");
|     static_assert(sum<1>::value == 1, "");
|     static_assert(sum<23>::value == 23, "");
|     static_assert(sum<1, 2>::value == 3, "");
|     static_assert(sum<5, 5, 11>::value == 21, "");
|     static_assert(sum<2, 3, 5, 7, 11, 13>::value == 41, "");
| 
|   }
| 
|   // http://stackoverflow.com/questions/13728184/template-aliases-and-sfinae
|   // Clang 3.1 fails with headers of libstd++ 4.8.3 when using std::function
|   // because of this.
|   namespace test_template_alias_sfinae
|   {
| 
|     struct foo {};
| 
|     template<typename T>
|     using member = typename T::member_type;
| 
|     template<typename T>
|     void func(...) {}
| 
|     template<typename T>
|     void func(member<T>*) {}
| 
|     void test();
| 
|     void test() { func<foo>(0); }
| 
|   }
| 
| }  // namespace cxx11
| 
| #endif  // __cplusplus >= 201103L
| 
| 
| 
configure:16891: result: no
configure:16902: checking whether g++ supports C++11 features with -std=c++11
configure:17198: g++ -c -g -O2 -std=c++11  conftest.cpp >&5
configure:17198: $? = 0
configure:17207: result: yes
configure:17267: checking CXXFLAGS for maximum warnings
configure:17287: g++ -c -g -O2 -std=c++11 -warn all  -warn all  conftest.cpp >&5
clang: error: unknown argument: '-warn'
clang: error: unknown argument: '-warn'
clang: error: no such file or directory: 'all'
clang: error: no such file or directory: 'all'
configure:17287: $? = 1
configure: failed program was:
| /* confdefs.h */
| #define PACKAGE_NAME "libosmscout"
| #define PACKAGE_TARNAME "libosmscout"
| #define PACKAGE_VERSION "0.1"
| #define PACKAGE_STRING "libosmscout 0.1"
| #define PACKAGE_BUGREPORT "tim@teulings.org"
| #define PACKAGE_URL ""
| #define STDC_HEADERS 1
| #define HAVE_SYS_TYPES_H 1
| #define HAVE_SYS_STAT_H 1
| #define HAVE_STDLIB_H 1
| #define HAVE_STRING_H 1
| #define HAVE_MEMORY_H 1
| #define HAVE_STRINGS_H 1
| #define HAVE_INTTYPES_H 1
| #define HAVE_STDINT_H 1
| #define HAVE_UNISTD_H 1
| #define HAVE_DLFCN_H 1
| #define LT_OBJDIR ".libs/"
| #define HAVE_VISIBILITY 1
| #define OSMSCOUT_EXPORT_SYMBOLS 1
| /* end confdefs.h.  */
| 
| int
| main ()
| {
| 
|   ;
|   return 0;
| }
configure:17287: g++ -c -g -O2 -std=c++11 -pedantic  -Wall  conftest.cpp >&5
configure:17287: $? = 0
configure:17295: result: -Wall
configure:17315: : CXXFLAGS="$CXXFLAGS"
configure:17318: $? = 0
configure:17348: checking for long long
configure:17348: g++ -c -g -O2 -std=c++11 -Wall -Wextra -Wpointer-arith -Wundef -Wcast-qual -Wcast-align -Wredundant-decls -Wno-long-long -Wunused-variable  conftest.cpp >&5
configure:17348: $? = 0
configure:17348: g++ -c -g -O2 -std=c++11 -Wall -Wextra -Wpointer-arith -Wundef -Wcast-qual -Wcast-align -Wredundant-decls -Wno-long-long -Wunused-variable  conftest.cpp >&5
conftest.cpp:59:24: error: expected expression
if (sizeof ((long long)))
                       ^
1 error generated.
configure:17348: $? = 1
configure: failed program was:
| /* confdefs.h */
| #define PACKAGE_NAME "libosmscout"
| #define PACKAGE_TARNAME "libosmscout"
| #define PACKAGE_VERSION "0.1"
| #define PACKAGE_STRING "libosmscout 0.1"
| #define PACKAGE_BUGREPORT "tim@teulings.org"
| #define PACKAGE_URL ""
| #define STDC_HEADERS 1
| #define HAVE_SYS_TYPES_H 1
| #define HAVE_SYS_STAT_H 1
| #define HAVE_STDLIB_H 1
| #define HAVE_STRING_H 1
| #define HAVE_MEMORY_H 1
| #define HAVE_STRINGS_H 1
| #define HAVE_INTTYPES_H 1
| #define HAVE_STDINT_H 1
| #define HAVE_UNISTD_H 1
| #define HAVE_DLFCN_H 1
| #define LT_OBJDIR ".libs/"
| #define HAVE_VISIBILITY 1
| #define OSMSCOUT_EXPORT_SYMBOLS 1
| /* end confdefs.h.  */
| #include <stdio.h>
| #ifdef HAVE_SYS_TYPES_H
| # include <sys/types.h>
| #endif
| #ifdef HAVE_SYS_STAT_H
| # include <sys/stat.h>
| #endif
| #ifdef STDC_HEADERS
| # include <stdlib.h>
| # include <stddef.h>
| #else
| # ifdef HAVE_STDLIB_H
| #  include <stdlib.h>
| # endif
| #endif
| #ifdef HAVE_STRING_H
| # if !defined STDC_HEADERS && defined HAVE_MEMORY_H
| #  include <memory.h>
| # endif
| # include <string.h>
| #endif
| #ifdef HAVE_STRINGS_H
| # include <strings.h>
| #endif
| #ifdef HAVE_INTTYPES_H
| # include <inttypes.h>
| #endif
| #ifdef HAVE_STDINT_H
| # include <stdint.h>
| #endif
| #ifdef HAVE_UNISTD_H
| # include <unistd.h>
| #endif
| int
| main ()
| {
| if (sizeof ((long long)))
| 	    return 0;
|   ;
|   return 0;
| }
configure:17348: result: yes
configure:17359: checking for unsigned long long
configure:17359: g++ -c -g -O2 -std=c++11 -Wall -Wextra -Wpointer-arith -Wundef -Wcast-qual -Wcast-align -Wredundant-decls -Wno-long-long -Wunused-variable  conftest.cpp >&5
configure:17359: $? = 0
configure:17359: g++ -c -g -O2 -std=c++11 -Wall -Wextra -Wpointer-arith -Wundef -Wcast-qual -Wcast-align -Wredundant-decls -Wno-long-long -Wunused-variable  conftest.cpp >&5
conftest.cpp:60:33: error: expected expression
if (sizeof ((unsigned long long)))
                                ^
1 error generated.
configure:17359: $? = 1
configure: failed program was:
| /* confdefs.h */
| #define PACKAGE_NAME "libosmscout"
| #define PACKAGE_TARNAME "libosmscout"
| #define PACKAGE_VERSION "0.1"
| #define PACKAGE_STRING "libosmscout 0.1"
| #define PACKAGE_BUGREPORT "tim@teulings.org"
| #define PACKAGE_URL ""
| #define STDC_HEADERS 1
| #define HAVE_SYS_TYPES_H 1
| #define HAVE_SYS_STAT_H 1
| #define HAVE_STDLIB_H 1
| #define HAVE_STRING_H 1
| #define HAVE_MEMORY_H 1
| #define HAVE_STRINGS_H 1
| #define HAVE_INTTYPES_H 1
| #define HAVE_STDINT_H 1
| #define HAVE_UNISTD_H 1
| #define HAVE_DLFCN_H 1
| #define LT_OBJDIR ".libs/"
| #define HAVE_VISIBILITY 1
| #define OSMSCOUT_EXPORT_SYMBOLS 1
| #define HAVE_LONG_LONG 1
| /* end confdefs.h.  */
| #include <stdio.h>
| #ifdef HAVE_SYS_TYPES_H
| # include <sys/types.h>
| #endif
| #ifdef HAVE_SYS_STAT_H
| # include <sys/stat.h>
| #endif
| #ifdef STDC_HEADERS
| # include <stdlib.h>
| # include <stddef.h>
| #else
| # ifdef HAVE_STDLIB_H
| #  include <stdlib.h>
| # endif
| #endif
| #ifdef HAVE_STRING_H
| # if !defined STDC_HEADERS && defined HAVE_MEMORY_H
| #  include <memory.h>
| # endif
| # include <string.h>
| #endif
| #ifdef HAVE_STRINGS_H
| # include <strings.h>
| #endif
| #ifdef HAVE_INTTYPES_H
| # include <inttypes.h>
| #endif
| #ifdef HAVE_STDINT_H
| # include <stdint.h>
| #endif
| #ifdef HAVE_UNISTD_H
| # include <unistd.h>
| #endif
| int
| main ()
| {
| if (sizeof ((unsigned long long)))
| 	    return 0;
|   ;
|   return 0;
| }
configure:17359: result: yes
configure:17370: checking for int8_t
configure:17370: g++ -c -g -O2 -std=c++11 -Wall -Wextra -Wpointer-arith -Wundef -Wcast-qual -Wcast-align -Wredundant-decls -Wno-long-long -Wunused-variable  conftest.cpp >&5
configure:17370: $? = 0
configure:17370: g++ -c -g -O2 -std=c++11 -Wall -Wextra -Wpointer-arith -Wundef -Wcast-qual -Wcast-align -Wredundant-decls -Wno-long-long -Wunused-variable  conftest.cpp >&5
conftest.cpp:61:21: error: expected expression
if (sizeof ((int8_t)))
                    ^
1 error generated.
configure:17370: $? = 1
configure: failed program was:
| /* confdefs.h */
| #define PACKAGE_NAME "libosmscout"
| #define PACKAGE_TARNAME "libosmscout"
| #define PACKAGE_VERSION "0.1"
| #define PACKAGE_STRING "libosmscout 0.1"
| #define PACKAGE_BUGREPORT "tim@teulings.org"
| #define PACKAGE_URL ""
| #define STDC_HEADERS 1
| #define HAVE_SYS_TYPES_H 1
| #define HAVE_SYS_STAT_H 1
| #define HAVE_STDLIB_H 1
| #define HAVE_STRING_H 1
| #define HAVE_MEMORY_H 1
| #define HAVE_STRINGS_H 1
| #define HAVE_INTTYPES_H 1
| #define HAVE_STDINT_H 1
| #define HAVE_UNISTD_H 1
| #define HAVE_DLFCN_H 1
| #define LT_OBJDIR ".libs/"
| #define HAVE_VISIBILITY 1
| #define OSMSCOUT_EXPORT_SYMBOLS 1
| #define HAVE_LONG_LONG 1
| #define HAVE_UNSIGNED_LONG_LONG 1
| /* end confdefs.h.  */
| #include <stdio.h>
| #ifdef HAVE_SYS_TYPES_H
| # include <sys/types.h>
| #endif
| #ifdef HAVE_SYS_STAT_H
| # include <sys/stat.h>
| #endif
| #ifdef STDC_HEADERS
| # include <stdlib.h>
| # include <stddef.h>
| #else
| # ifdef HAVE_STDLIB_H
| #  include <stdlib.h>
| # endif
| #endif
| #ifdef HAVE_STRING_H
| # if !defined STDC_HEADERS && defined HAVE_MEMORY_H
| #  include <memory.h>
| # endif
| # include <string.h>
| #endif
| #ifdef HAVE_STRINGS_H
| # include <strings.h>
| #endif
| #ifdef HAVE_INTTYPES_H
| # include <inttypes.h>
| #endif
| #ifdef HAVE_STDINT_H
| # include <stdint.h>
| #endif
| #ifdef HAVE_UNISTD_H
| # include <unistd.h>
| #endif
| int
| main ()
| {
| if (sizeof ((int8_t)))
| 	    return 0;
|   ;
|   return 0;
| }
configure:17370: result: yes
configure:17381: checking for uint8_t
configure:17381: g++ -c -g -O2 -std=c++11 -Wall -Wextra -Wpointer-arith -Wundef -Wcast-qual -Wcast-align -Wredundant-decls -Wno-long-long -Wunused-variable  conftest.cpp >&5
configure:17381: $? = 0
configure:17381: g++ -c -g -O2 -std=c++11 -Wall -Wextra -Wpointer-arith -Wundef -Wcast-qual -Wcast-align -Wredundant-decls -Wno-long-long -Wunused-variable  conftest.cpp >&5
conftest.cpp:62:22: error: expected expression
if (sizeof ((uint8_t)))
                     ^
1 error generated.
configure:17381: $? = 1
configure: failed program was:
| /* confdefs.h */
| #define PACKAGE_NAME "libosmscout"
| #define PACKAGE_TARNAME "libosmscout"
| #define PACKAGE_VERSION "0.1"
| #define PACKAGE_STRING "libosmscout 0.1"
| #define PACKAGE_BUGREPORT "tim@teulings.org"
| #define PACKAGE_URL ""
| #define STDC_HEADERS 1
| #define HAVE_SYS_TYPES_H 1
| #define HAVE_SYS_STAT_H 1
| #define HAVE_STDLIB_H 1
| #define HAVE_STRING_H 1
| #define HAVE_MEMORY_H 1
| #define HAVE_STRINGS_H 1
| #define HAVE_INTTYPES_H 1
| #define HAVE_STDINT_H 1
| #define HAVE_UNISTD_H 1
| #define HAVE_DLFCN_H 1
| #define LT_OBJDIR ".libs/"
| #define HAVE_VISIBILITY 1
| #define OSMSCOUT_EXPORT_SYMBOLS 1
| #define HAVE_LONG_LONG 1
| #define HAVE_UNSIGNED_LONG_LONG 1
| #define HAVE_INT8_T 1
| /* end confdefs.h.  */
| #include <stdio.h>
| #ifdef HAVE_SYS_TYPES_H
| # include <sys/types.h>
| #endif
| #ifdef HAVE_SYS_STAT_H
| # include <sys/stat.h>
| #endif
| #ifdef STDC_HEADERS
| # include <stdlib.h>
| # include <stddef.h>
| #else
| # ifdef HAVE_STDLIB_H
| #  include <stdlib.h>
| # endif
| #endif
| #ifdef HAVE_STRING_H
| # if !defined STDC_HEADERS && defined HAVE_MEMORY_H
| #  include <memory.h>
| # endif
| # include <string.h>
| #endif
| #ifdef HAVE_STRINGS_H
| # include <strings.h>
| #endif
| #ifdef HAVE_INTTYPES_H
| # include <inttypes.h>
| #endif
| #ifdef HAVE_STDINT_H
| # include <stdint.h>
| #endif
| #ifdef HAVE_UNISTD_H
| # include <unistd.h>
| #endif
| int
| main ()
| {
| if (sizeof ((uint8_t)))
| 	    return 0;
|   ;
|   return 0;
| }
configure:17381: result: yes
configure:17392: checking for int16_t
configure:17392: g++ -c -g -O2 -std=c++11 -Wall -Wextra -Wpointer-arith -Wundef -Wcast-qual -Wcast-align -Wredundant-decls -Wno-long-long -Wunused-variable  conftest.cpp >&5
configure:17392: $? = 0
configure:17392: g++ -c -g -O2 -std=c++11 -Wall -Wextra -Wpointer-arith -Wundef -Wcast-qual -Wcast-align -Wredundant-decls -Wno-long-long -Wunused-variable  conftest.cpp >&5
conftest.cpp:63:22: error: expected expression
if (sizeof ((int16_t)))
                     ^
1 error generated.
configure:17392: $? = 1
configure: failed program was:
| /* confdefs.h */
| #define PACKAGE_NAME "libosmscout"
| #define PACKAGE_TARNAME "libosmscout"
| #define PACKAGE_VERSION "0.1"
| #define PACKAGE_STRING "libosmscout 0.1"
| #define PACKAGE_BUGREPORT "tim@teulings.org"
| #define PACKAGE_URL ""
| #define STDC_HEADERS 1
| #define HAVE_SYS_TYPES_H 1
| #define HAVE_SYS_STAT_H 1
| #define HAVE_STDLIB_H 1
| #define HAVE_STRING_H 1
| #define HAVE_MEMORY_H 1
| #define HAVE_STRINGS_H 1
| #define HAVE_INTTYPES_H 1
| #define HAVE_STDINT_H 1
| #define HAVE_UNISTD_H 1
| #define HAVE_DLFCN_H 1
| #define LT_OBJDIR ".libs/"
| #define HAVE_VISIBILITY 1
| #define OSMSCOUT_EXPORT_SYMBOLS 1
| #define HAVE_LONG_LONG 1
| #define HAVE_UNSIGNED_LONG_LONG 1
| #define HAVE_INT8_T 1
| #define HAVE_UINT8_T 1
| /* end confdefs.h.  */
| #include <stdio.h>
| #ifdef HAVE_SYS_TYPES_H
| # include <sys/types.h>
| #endif
| #ifdef HAVE_SYS_STAT_H
| # include <sys/stat.h>
| #endif
| #ifdef STDC_HEADERS
| # include <stdlib.h>
| # include <stddef.h>
| #else
| # ifdef HAVE_STDLIB_H
| #  include <stdlib.h>
| # endif
| #endif
| #ifdef HAVE_STRING_H
| # if !defined STDC_HEADERS && defined HAVE_MEMORY_H
| #  include <memory.h>
| # endif
| # include <string.h>
| #endif
| #ifdef HAVE_STRINGS_H
| # include <strings.h>
| #endif
| #ifdef HAVE_INTTYPES_H
| # include <inttypes.h>
| #endif
| #ifdef HAVE_STDINT_H
| # include <stdint.h>
| #endif
| #ifdef HAVE_UNISTD_H
| # include <unistd.h>
| #endif
| int
| main ()
| {
| if (sizeof ((int16_t)))
| 	    return 0;
|   ;
|   return 0;
| }
configure:17392: result: yes
configure:17403: checking for uint16_t
configure:17403: g++ -c -g -O2 -std=c++11 -Wall -Wextra -Wpointer-arith -Wundef -Wcast-qual -Wcast-align -Wredundant-decls -Wno-long-long -Wunused-variable  conftest.cpp >&5
configure:17403: $? = 0
configure:17403: g++ -c -g -O2 -std=c++11 -Wall -Wextra -Wpointer-arith -Wundef -Wcast-qual -Wcast-align -Wredundant-decls -Wno-long-long -Wunused-variable  conftest.cpp >&5
conftest.cpp:64:23: error: expected expression
if (sizeof ((uint16_t)))
                      ^
1 error generated.
configure:17403: $? = 1
configure: failed program was:
| /* confdefs.h */
| #define PACKAGE_NAME "libosmscout"
| #define PACKAGE_TARNAME "libosmscout"
| #define PACKAGE_VERSION "0.1"
| #define PACKAGE_STRING "libosmscout 0.1"
| #define PACKAGE_BUGREPORT "tim@teulings.org"
| #define PACKAGE_URL ""
| #define STDC_HEADERS 1
| #define HAVE_SYS_TYPES_H 1
| #define HAVE_SYS_STAT_H 1
| #define HAVE_STDLIB_H 1
| #define HAVE_STRING_H 1
| #define HAVE_MEMORY_H 1
| #define HAVE_STRINGS_H 1
| #define HAVE_INTTYPES_H 1
| #define HAVE_STDINT_H 1
| #define HAVE_UNISTD_H 1
| #define HAVE_DLFCN_H 1
| #define LT_OBJDIR ".libs/"
| #define HAVE_VISIBILITY 1
| #define OSMSCOUT_EXPORT_SYMBOLS 1
| #define HAVE_LONG_LONG 1
| #define HAVE_UNSIGNED_LONG_LONG 1
| #define HAVE_INT8_T 1
| #define HAVE_UINT8_T 1
| #define HAVE_INT16_T 1
| /* end confdefs.h.  */
| #include <stdio.h>
| #ifdef HAVE_SYS_TYPES_H
| # include <sys/types.h>
| #endif
| #ifdef HAVE_SYS_STAT_H
| # include <sys/stat.h>
| #endif
| #ifdef STDC_HEADERS
| # include <stdlib.h>
| # include <stddef.h>
| #else
| # ifdef HAVE_STDLIB_H
| #  include <stdlib.h>
| # endif
| #endif
| #ifdef HAVE_STRING_H
| # if !defined STDC_HEADERS && defined HAVE_MEMORY_H
| #  include <memory.h>
| # endif
| # include <string.h>
| #endif
| #ifdef HAVE_STRINGS_H
| # include <strings.h>
| #endif
| #ifdef HAVE_INTTYPES_H
| # include <inttypes.h>
| #endif
| #ifdef HAVE_STDINT_H
| # include <stdint.h>
| #endif
| #ifdef HAVE_UNISTD_H
| # include <unistd.h>
| #endif
| int
| main ()
| {
| if (sizeof ((uint16_t)))
| 	    return 0;
|   ;
|   return 0;
| }
configure:17403: result: yes
configure:17414: checking for int32_t
configure:17414: g++ -c -g -O2 -std=c++11 -Wall -Wextra -Wpointer-arith -Wundef -Wcast-qual -Wcast-align -Wredundant-decls -Wno-long-long -Wunused-variable  conftest.cpp >&5
configure:17414: $? = 0
configure:17414: g++ -c -g -O2 -std=c++11 -Wall -Wextra -Wpointer-arith -Wundef -Wcast-qual -Wcast-align -Wredundant-decls -Wno-long-long -Wunused-variable  conftest.cpp >&5
conftest.cpp:65:22: error: expected expression
if (sizeof ((int32_t)))
                     ^
1 error generated.
configure:17414: $? = 1
configure: failed program was:
| /* confdefs.h */
| #define PACKAGE_NAME "libosmscout"
| #define PACKAGE_TARNAME "libosmscout"
| #define PACKAGE_VERSION "0.1"
| #define PACKAGE_STRING "libosmscout 0.1"
| #define PACKAGE_BUGREPORT "tim@teulings.org"
| #define PACKAGE_URL ""
| #define STDC_HEADERS 1
| #define HAVE_SYS_TYPES_H 1
| #define HAVE_SYS_STAT_H 1
| #define HAVE_STDLIB_H 1
| #define HAVE_STRING_H 1
| #define HAVE_MEMORY_H 1
| #define HAVE_STRINGS_H 1
| #define HAVE_INTTYPES_H 1
| #define HAVE_STDINT_H 1
| #define HAVE_UNISTD_H 1
| #define HAVE_DLFCN_H 1
| #define LT_OBJDIR ".libs/"
| #define HAVE_VISIBILITY 1
| #define OSMSCOUT_EXPORT_SYMBOLS 1
| #define HAVE_LONG_LONG 1
| #define HAVE_UNSIGNED_LONG_LONG 1
| #define HAVE_INT8_T 1
| #define HAVE_UINT8_T 1
| #define HAVE_INT16_T 1
| #define HAVE_UINT16_T 1
| /* end confdefs.h.  */
| #include <stdio.h>
| #ifdef HAVE_SYS_TYPES_H
| # include <sys/types.h>
| #endif
| #ifdef HAVE_SYS_STAT_H
| # include <sys/stat.h>
| #endif
| #ifdef STDC_HEADERS
| # include <stdlib.h>
| # include <stddef.h>
| #else
| # ifdef HAVE_STDLIB_H
| #  include <stdlib.h>
| # endif
| #endif
| #ifdef HAVE_STRING_H
| # if !defined STDC_HEADERS && defined HAVE_MEMORY_H
| #  include <memory.h>
| # endif
| # include <string.h>
| #endif
| #ifdef HAVE_STRINGS_H
| # include <strings.h>
| #endif
| #ifdef HAVE_INTTYPES_H
| # include <inttypes.h>
| #endif
| #ifdef HAVE_STDINT_H
| # include <stdint.h>
| #endif
| #ifdef HAVE_UNISTD_H
| # include <unistd.h>
| #endif
| int
| main ()
| {
| if (sizeof ((int32_t)))
| 	    return 0;
|   ;
|   return 0;
| }
configure:17414: result: yes
configure:17425: checking for uint32_t
configure:17425: g++ -c -g -O2 -std=c++11 -Wall -Wextra -Wpointer-arith -Wundef -Wcast-qual -Wcast-align -Wredundant-decls -Wno-long-long -Wunused-variable  conftest.cpp >&5
configure:17425: $? = 0
configure:17425: g++ -c -g -O2 -std=c++11 -Wall -Wextra -Wpointer-arith -Wundef -Wcast-qual -Wcast-align -Wredundant-decls -Wno-long-long -Wunused-variable  conftest.cpp >&5
conftest.cpp:66:23: error: expected expression
if (sizeof ((uint32_t)))
                      ^
1 error generated.
configure:17425: $? = 1
configure: failed program was:
| /* confdefs.h */
| #define PACKAGE_NAME "libosmscout"
| #define PACKAGE_TARNAME "libosmscout"
| #define PACKAGE_VERSION "0.1"
| #define PACKAGE_STRING "libosmscout 0.1"
| #define PACKAGE_BUGREPORT "tim@teulings.org"
| #define PACKAGE_URL ""
| #define STDC_HEADERS 1
| #define HAVE_SYS_TYPES_H 1
| #define HAVE_SYS_STAT_H 1
| #define HAVE_STDLIB_H 1
| #define HAVE_STRING_H 1
| #define HAVE_MEMORY_H 1
| #define HAVE_STRINGS_H 1
| #define HAVE_INTTYPES_H 1
| #define HAVE_STDINT_H 1
| #define HAVE_UNISTD_H 1
| #define HAVE_DLFCN_H 1
| #define LT_OBJDIR ".libs/"
| #define HAVE_VISIBILITY 1
| #define OSMSCOUT_EXPORT_SYMBOLS 1
| #define HAVE_LONG_LONG 1
| #define HAVE_UNSIGNED_LONG_LONG 1
| #define HAVE_INT8_T 1
| #define HAVE_UINT8_T 1
| #define HAVE_INT16_T 1
| #define HAVE_UINT16_T 1
| #define HAVE_INT32_T 1
| /* end confdefs.h.  */
| #include <stdio.h>
| #ifdef HAVE_SYS_TYPES_H
| # include <sys/types.h>
| #endif
| #ifdef HAVE_SYS_STAT_H
| # include <sys/stat.h>
| #endif
| #ifdef STDC_HEADERS
| # include <stdlib.h>
| # include <stddef.h>
| #else
| # ifdef HAVE_STDLIB_H
| #  include <stdlib.h>
| # endif
| #endif
| #ifdef HAVE_STRING_H
| # if !defined STDC_HEADERS && defined HAVE_MEMORY_H
| #  include <memory.h>
| # endif
| # include <string.h>
| #endif
| #ifdef HAVE_STRINGS_H
| # include <strings.h>
| #endif
| #ifdef HAVE_INTTYPES_H
| # include <inttypes.h>
| #endif
| #ifdef HAVE_STDINT_H
| # include <stdint.h>
| #endif
| #ifdef HAVE_UNISTD_H
| # include <unistd.h>
| #endif
| int
| main ()
| {
| if (sizeof ((uint32_t)))
| 	    return 0;
|   ;
|   return 0;
| }
configure:17425: result: yes
configure:17436: checking for int64_t
configure:17436: g++ -c -g -O2 -std=c++11 -Wall -Wextra -Wpointer-arith -Wundef -Wcast-qual -Wcast-align -Wredundant-decls -Wno-long-long -Wunused-variable  conftest.cpp >&5
configure:17436: $? = 0
configure:17436: g++ -c -g -O2 -std=c++11 -Wall -Wextra -Wpointer-arith -Wundef -Wcast-qual -Wcast-align -Wredundant-decls -Wno-long-long -Wunused-variable  conftest.cpp >&5
conftest.cpp:67:22: error: expected expression
if (sizeof ((int64_t)))
                     ^
1 error generated.
configure:17436: $? = 1
configure: failed program was:
| /* confdefs.h */
| #define PACKAGE_NAME "libosmscout"
| #define PACKAGE_TARNAME "libosmscout"
| #define PACKAGE_VERSION "0.1"
| #define PACKAGE_STRING "libosmscout 0.1"
| #define PACKAGE_BUGREPORT "tim@teulings.org"
| #define PACKAGE_URL ""
| #define STDC_HEADERS 1
| #define HAVE_SYS_TYPES_H 1
| #define HAVE_SYS_STAT_H 1
| #define HAVE_STDLIB_H 1
| #define HAVE_STRING_H 1
| #define HAVE_MEMORY_H 1
| #define HAVE_STRINGS_H 1
| #define HAVE_INTTYPES_H 1
| #define HAVE_STDINT_H 1
| #define HAVE_UNISTD_H 1
| #define HAVE_DLFCN_H 1
| #define LT_OBJDIR ".libs/"
| #define HAVE_VISIBILITY 1
| #define OSMSCOUT_EXPORT_SYMBOLS 1
| #define HAVE_LONG_LONG 1
| #define HAVE_UNSIGNED_LONG_LONG 1
| #define HAVE_INT8_T 1
| #define HAVE_UINT8_T 1
| #define HAVE_INT16_T 1
| #define HAVE_UINT16_T 1
| #define HAVE_INT32_T 1
| #define HAVE_UINT32_T 1
| /* end confdefs.h.  */
| #include <stdio.h>
| #ifdef HAVE_SYS_TYPES_H
| # include <sys/types.h>
| #endif
| #ifdef HAVE_SYS_STAT_H
| # include <sys/stat.h>
| #endif
| #ifdef STDC_HEADERS
| # include <stdlib.h>
| # include <stddef.h>
| #else
| # ifdef HAVE_STDLIB_H
| #  include <stdlib.h>
| # endif
| #endif
| #ifdef HAVE_STRING_H
| # if !defined STDC_HEADERS && defined HAVE_MEMORY_H
| #  include <memory.h>
| # endif
| # include <string.h>
| #endif
| #ifdef HAVE_STRINGS_H
| # include <strings.h>
| #endif
| #ifdef HAVE_INTTYPES_H
| # include <inttypes.h>
| #endif
| #ifdef HAVE_STDINT_H
| # include <stdint.h>
| #endif
| #ifdef HAVE_UNISTD_H
| # include <unistd.h>
| #endif
| int
| main ()
| {
| if (sizeof ((int64_t)))
| 	    return 0;
|   ;
|   return 0;
| }
configure:17436: result: yes
configure:17447: checking for uint64_t
configure:17447: g++ -c -g -O2 -std=c++11 -Wall -Wextra -Wpointer-arith -Wundef -Wcast-qual -Wcast-align -Wredundant-decls -Wno-long-long -Wunused-variable  conftest.cpp >&5
configure:17447: $? = 0
configure:17447: g++ -c -g -O2 -std=c++11 -Wall -Wextra -Wpointer-arith -Wundef -Wcast-qual -Wcast-align -Wredundant-decls -Wno-long-long -Wunused-variable  conftest.cpp >&5
conftest.cpp:68:23: error: expected expression
if (sizeof ((uint64_t)))
                      ^
1 error generated.
configure:17447: $? = 1
configure: failed program was:
| /* confdefs.h */
| #define PACKAGE_NAME "libosmscout"
| #define PACKAGE_TARNAME "libosmscout"
| #define PACKAGE_VERSION "0.1"
| #define PACKAGE_STRING "libosmscout 0.1"
| #define PACKAGE_BUGREPORT "tim@teulings.org"
| #define PACKAGE_URL ""
| #define STDC_HEADERS 1
| #define HAVE_SYS_TYPES_H 1
| #define HAVE_SYS_STAT_H 1
| #define HAVE_STDLIB_H 1
| #define HAVE_STRING_H 1
| #define HAVE_MEMORY_H 1
| #define HAVE_STRINGS_H 1
| #define HAVE_INTTYPES_H 1
| #define HAVE_STDINT_H 1
| #define HAVE_UNISTD_H 1
| #define HAVE_DLFCN_H 1
| #define LT_OBJDIR ".libs/"
| #define HAVE_VISIBILITY 1
| #define OSMSCOUT_EXPORT_SYMBOLS 1
| #define HAVE_LONG_LONG 1
| #define HAVE_UNSIGNED_LONG_LONG 1
| #define HAVE_INT8_T 1
| #define HAVE_UINT8_T 1
| #define HAVE_INT16_T 1
| #define HAVE_UINT16_T 1
| #define HAVE_INT32_T 1
| #define HAVE_UINT32_T 1
| #define HAVE_INT64_T 1
| /* end confdefs.h.  */
| #include <stdio.h>
| #ifdef HAVE_SYS_TYPES_H
| # include <sys/types.h>
| #endif
| #ifdef HAVE_SYS_STAT_H
| # include <sys/stat.h>
| #endif
| #ifdef STDC_HEADERS
| # include <stdlib.h>
| # include <stddef.h>
| #else
| # ifdef HAVE_STDLIB_H
| #  include <stdlib.h>
| # endif
| #endif
| #ifdef HAVE_STRING_H
| # if !defined STDC_HEADERS && defined HAVE_MEMORY_H
| #  include <memory.h>
| # endif
| # include <string.h>
| #endif
| #ifdef HAVE_STRINGS_H
| # include <strings.h>
| #endif
| #ifdef HAVE_INTTYPES_H
| # include <inttypes.h>
| #endif
| #ifdef HAVE_STDINT_H
| # include <stdint.h>
| #endif
| #ifdef HAVE_UNISTD_H
| # include <unistd.h>
| #endif
| int
| main ()
| {
| if (sizeof ((uint64_t)))
| 	    return 0;
|   ;
|   return 0;
| }
configure:17447: result: yes
configure:17461: checking for std::wstring
configure:17461: g++ -c -g -O2 -std=c++11 -Wall -Wextra -Wpointer-arith -Wundef -Wcast-qual -Wcast-align -Wredundant-decls -Wno-long-long -Wunused-variable  conftest.cpp >&5
configure:17461: $? = 0
configure:17461: g++ -c -g -O2 -std=c++11 -Wall -Wextra -Wpointer-arith -Wundef -Wcast-qual -Wcast-align -Wredundant-decls -Wno-long-long -Wunused-variable  conftest.cpp >&5
conftest.cpp:38:27: error: expected expression
if (sizeof ((std::wstring)))
                          ^
1 error generated.
configure:17461: $? = 1
configure: failed program was:
| /* confdefs.h */
| #define PACKAGE_NAME "libosmscout"
| #define PACKAGE_TARNAME "libosmscout"
| #define PACKAGE_VERSION "0.1"
| #define PACKAGE_STRING "libosmscout 0.1"
| #define PACKAGE_BUGREPORT "tim@teulings.org"
| #define PACKAGE_URL ""
| #define STDC_HEADERS 1
| #define HAVE_SYS_TYPES_H 1
| #define HAVE_SYS_STAT_H 1
| #define HAVE_STDLIB_H 1
| #define HAVE_STRING_H 1
| #define HAVE_MEMORY_H 1
| #define HAVE_STRINGS_H 1
| #define HAVE_INTTYPES_H 1
| #define HAVE_STDINT_H 1
| #define HAVE_UNISTD_H 1
| #define HAVE_DLFCN_H 1
| #define LT_OBJDIR ".libs/"
| #define HAVE_VISIBILITY 1
| #define OSMSCOUT_EXPORT_SYMBOLS 1
| #define HAVE_LONG_LONG 1
| #define HAVE_UNSIGNED_LONG_LONG 1
| #define HAVE_INT8_T 1
| #define HAVE_UINT8_T 1
| #define HAVE_INT16_T 1
| #define HAVE_UINT16_T 1
| #define HAVE_INT32_T 1
| #define HAVE_UINT32_T 1
| #define HAVE_INT64_T 1
| #define HAVE_UINT64_T 1
| /* end confdefs.h.  */
| #include <string>
| 
| int
| main ()
| {
| if (sizeof ((std::wstring)))
| 	    return 0;
|   ;
|   return 0;
| }
configure:17461: result: yes
configure:17478: checking size of wchar_t
configure:17483: g++ -o conftest -g -O2 -std=c++11 -Wall -Wextra -Wpointer-arith -Wundef -Wcast-qual -Wcast-align -Wredundant-decls -Wno-long-long -Wunused-variable   conftest.cpp  >&5
configure:17483: $? = 0
configure:17483: ./conftest
configure:17483: $? = 0
configure:17497: result: 4
configure:17508: checking for std::shared_mutex
configure:17508: g++ -c -g -O2 -std=c++11 -Wall -Wextra -Wpointer-arith -Wundef -Wcast-qual -Wcast-align -Wredundant-decls -Wno-long-long -Wunused-variable  conftest.cpp >&5
conftest.cpp:41:18: error: no member named 'shared_mutex' in namespace 'std'
if (sizeof (std::shared_mutex))
            ~~~~~^
1 error generated.
configure:17508: $? = 1
configure: failed program was:
| /* confdefs.h */
| #define PACKAGE_NAME "libosmscout"
| #define PACKAGE_TARNAME "libosmscout"
| #define PACKAGE_VERSION "0.1"
| #define PACKAGE_STRING "libosmscout 0.1"
| #define PACKAGE_BUGREPORT "tim@teulings.org"
| #define PACKAGE_URL ""
| #define STDC_HEADERS 1
| #define HAVE_SYS_TYPES_H 1
| #define HAVE_SYS_STAT_H 1
| #define HAVE_STDLIB_H 1
| #define HAVE_STRING_H 1
| #define HAVE_MEMORY_H 1
| #define HAVE_STRINGS_H 1
| #define HAVE_INTTYPES_H 1
| #define HAVE_STDINT_H 1
| #define HAVE_UNISTD_H 1
| #define HAVE_DLFCN_H 1
| #define LT_OBJDIR ".libs/"
| #define HAVE_VISIBILITY 1
| #define OSMSCOUT_EXPORT_SYMBOLS 1
| #define HAVE_LONG_LONG 1
| #define HAVE_UNSIGNED_LONG_LONG 1
| #define HAVE_INT8_T 1
| #define HAVE_UINT8_T 1
| #define HAVE_INT16_T 1
| #define HAVE_UINT16_T 1
| #define HAVE_INT32_T 1
| #define HAVE_UINT32_T 1
| #define HAVE_INT64_T 1
| #define HAVE_UINT64_T 1
| #define HAVE_STD__WSTRING 1
| #define OSMSCOUT_HAVE_STD_WSTRING 1
| #define SIZEOF_WCHAR_T 4
| /* end confdefs.h.  */
| #include <shared_mutex>
| 
| int
| main ()
| {
| if (sizeof (std::shared_mutex))
| 	 return 0;
|   ;
|   return 0;
| }
configure:17508: result: no
configure:17525: checking fcntl.h usability
configure:17525: g++ -c -g -O2 -std=c++11 -Wall -Wextra -Wpointer-arith -Wundef -Wcast-qual -Wcast-align -Wredundant-decls -Wno-long-long -Wunused-variable  conftest.cpp >&5
configure:17525: $? = 0
configure:17525: result: yes
configure:17525: checking fcntl.h presence
configure:17525: g++ -E  conftest.cpp
configure:17525: $? = 0
configure:17525: result: yes
configure:17525: checking for fcntl.h
configure:17525: result: yes
configure:17537: checking for library containing sqrt
configure:17568: g++ -o conftest -g -O2 -std=c++11 -Wall -Wextra -Wpointer-arith -Wundef -Wcast-qual -Wcast-align -Wredundant-decls -Wno-long-long -Wunused-variable   conftest.cpp  >&5
configure:17568: $? = 0
configure:17585: result: none required
configure:17597: checking for mmap
configure:17597: g++ -o conftest -g -O2 -std=c++11 -Wall -Wextra -Wpointer-arith -Wundef -Wcast-qual -Wcast-align -Wredundant-decls -Wno-long-long -Wunused-variable   conftest.cpp  >&5
configure:17597: $? = 0
configure:17597: result: yes
configure:17597: checking for posix_fadvise
configure:17597: g++ -o conftest -g -O2 -std=c++11 -Wall -Wextra -Wpointer-arith -Wundef -Wcast-qual -Wcast-align -Wredundant-decls -Wno-long-long -Wunused-variable   conftest.cpp  >&5
Undefined symbols for architecture x86_64:
  "_posix_fadvise", referenced from:
      _main in conftest-baca0e.o
ld: symbol(s) not found for architecture x86_64
clang: error: linker command failed with exit code 1 (use -v to see invocation)
configure:17597: $? = 1
configure: failed program was:
| /* confdefs.h */
| #define PACKAGE_NAME "libosmscout"
| #define PACKAGE_TARNAME "libosmscout"
| #define PACKAGE_VERSION "0.1"
| #define PACKAGE_STRING "libosmscout 0.1"
| #define PACKAGE_BUGREPORT "tim@teulings.org"
| #define PACKAGE_URL ""
| #define STDC_HEADERS 1
| #define HAVE_SYS_TYPES_H 1
| #define HAVE_SYS_STAT_H 1
| #define HAVE_STDLIB_H 1
| #define HAVE_STRING_H 1
| #define HAVE_MEMORY_H 1
| #define HAVE_STRINGS_H 1
| #define HAVE_INTTYPES_H 1
| #define HAVE_STDINT_H 1
| #define HAVE_UNISTD_H 1
| #define HAVE_DLFCN_H 1
| #define LT_OBJDIR ".libs/"
| #define HAVE_VISIBILITY 1
| #define OSMSCOUT_EXPORT_SYMBOLS 1
| #define HAVE_LONG_LONG 1
| #define HAVE_UNSIGNED_LONG_LONG 1
| #define HAVE_INT8_T 1
| #define HAVE_UINT8_T 1
| #define HAVE_INT16_T 1
| #define HAVE_UINT16_T 1
| #define HAVE_INT32_T 1
| #define HAVE_UINT32_T 1
| #define HAVE_INT64_T 1
| #define HAVE_UINT64_T 1
| #define HAVE_STD__WSTRING 1
| #define OSMSCOUT_HAVE_STD_WSTRING 1
| #define SIZEOF_WCHAR_T 4
| #define HAVE_FCNTL_H 1
| #define HAVE_MMAP 1
| /* end confdefs.h.  */
| /* Define posix_fadvise to an innocuous variant, in case <limits.h> declares posix_fadvise.
|    For example, HP-UX 11i <limits.h> declares gettimeofday.  */
| #define posix_fadvise innocuous_posix_fadvise
| 
| /* System header to define __stub macros and hopefully few prototypes,
|     which can conflict with char posix_fadvise (); below.
|     Prefer <limits.h> to <assert.h> if __STDC__ is defined, since
|     <limits.h> exists even on freestanding compilers.  */
| 
| #ifdef __STDC__
| # include <limits.h>
| #else
| # include <assert.h>
| #endif
| 
| #undef posix_fadvise
| 
| /* Override any GCC internal prototype to avoid an error.
|    Use char because int might match the return type of a GCC
|    builtin and then its argument prototype would still apply.  */
| #ifdef __cplusplus
| extern "C"
| #endif
| char posix_fadvise ();
| /* The GNU C library defines this for functions which it implements
|     to always fail with ENOSYS.  Some functions are actually named
|     something starting with __ and the normal name is an alias.  */
| #if defined __stub_posix_fadvise || defined __stub___posix_fadvise
| choke me
| #endif
| 
| int
| main ()
| {
| return posix_fadvise ();
|   ;
|   return 0;
| }
configure:17597: result: no
configure:17597: checking for posix_madvise
configure:17597: g++ -o conftest -g -O2 -std=c++11 -Wall -Wextra -Wpointer-arith -Wundef -Wcast-qual -Wcast-align -Wredundant-decls -Wno-long-long -Wunused-variable   conftest.cpp  >&5
configure:17597: $? = 0
configure:17597: result: yes
configure:17614: checking for special C compiler options needed for large files
configure:17659: result: no
configure:17665: checking for _FILE_OFFSET_BITS value needed for large files
configure:17690: g++ -c -g -O2 -std=c++11 -Wall -Wextra -Wpointer-arith -Wundef -Wcast-qual -Wcast-align -Wredundant-decls -Wno-long-long -Wunused-variable  conftest.cpp >&5
configure:17690: $? = 0
configure:17722: result: no
configure:17807: checking for _LARGEFILE_SOURCE value needed for large files
configure:17826: g++ -o conftest -g -O2 -std=c++11 -Wall -Wextra -Wpointer-arith -Wundef -Wcast-qual -Wcast-align -Wredundant-decls -Wno-long-long -Wunused-variable   conftest.cpp  >&5
configure:17826: $? = 0
configure:17854: result: no
configure:17884: checking for x86 cpuid  output
configure:17914: gcc -o conftest -g -O2   conftest.c  >&5
conftest.c:45:15: error: expected expression
     int op = , level = 0, eax, ebx, ecx, edx;
              ^
1 error generated.
configure:17914: $? = 1
configure: program exited with status 1
configure: failed program was:
| /* confdefs.h */
| #define PACKAGE_NAME "libosmscout"
| #define PACKAGE_TARNAME "libosmscout"
| #define PACKAGE_VERSION "0.1"
| #define PACKAGE_STRING "libosmscout 0.1"
| #define PACKAGE_BUGREPORT "tim@teulings.org"
| #define PACKAGE_URL ""
| #define STDC_HEADERS 1
| #define HAVE_SYS_TYPES_H 1
| #define HAVE_SYS_STAT_H 1
| #define HAVE_STDLIB_H 1
| #define HAVE_STRING_H 1
| #define HAVE_MEMORY_H 1
| #define HAVE_STRINGS_H 1
| #define HAVE_INTTYPES_H 1
| #define HAVE_STDINT_H 1
| #define HAVE_UNISTD_H 1
| #define HAVE_DLFCN_H 1
| #define LT_OBJDIR ".libs/"
| #define HAVE_VISIBILITY 1
| #define OSMSCOUT_EXPORT_SYMBOLS 1
| #define HAVE_LONG_LONG 1
| #define HAVE_UNSIGNED_LONG_LONG 1
| #define HAVE_INT8_T 1
| #define HAVE_UINT8_T 1
| #define HAVE_INT16_T 1
| #define HAVE_UINT16_T 1
| #define HAVE_INT32_T 1
| #define HAVE_UINT32_T 1
| #define HAVE_INT64_T 1
| #define HAVE_UINT64_T 1
| #define HAVE_STD__WSTRING 1
| #define OSMSCOUT_HAVE_STD_WSTRING 1
| #define SIZEOF_WCHAR_T 4
| #define HAVE_FCNTL_H 1
| #define HAVE_MMAP 1
| #define HAVE_POSIX_MADVISE 1
| #define HAVE_FSEEKO 1
| /* end confdefs.h.  */
| #include <stdio.h>
| int
| main ()
| {
| 
|      int op = , level = 0, eax, ebx, ecx, edx;
|      FILE *f;
|       __asm__ __volatile__ ("cpuid"
|         : "=a" (eax), "=b" (ebx), "=c" (ecx), "=d" (edx)
|         : "a" (op), "2" (level));
| 
|      f = fopen("conftest_cpuid", "w"); if (!f) return 1;
|      fprintf(f, "%x:%x:%x:%x\n", eax, ebx, ecx, edx);
|      fclose(f);
|      return 0;
| 
|   ;
|   return 0;
| }
configure:17924: result: unknown
configure:17941: checking for x86-AVX xgetbv  output
configure:17971: gcc -o conftest -g -O2   conftest.c  >&5
conftest.c:45:15: error: expected expression
     int op = , eax, edx;
              ^
1 error generated.
configure:17971: $? = 1
configure: program exited with status 1
configure: failed program was:
| /* confdefs.h */
| #define PACKAGE_NAME "libosmscout"
| #define PACKAGE_TARNAME "libosmscout"
| #define PACKAGE_VERSION "0.1"
| #define PACKAGE_STRING "libosmscout 0.1"
| #define PACKAGE_BUGREPORT "tim@teulings.org"
| #define PACKAGE_URL ""
| #define STDC_HEADERS 1
| #define HAVE_SYS_TYPES_H 1
| #define HAVE_SYS_STAT_H 1
| #define HAVE_STDLIB_H 1
| #define HAVE_STRING_H 1
| #define HAVE_MEMORY_H 1
| #define HAVE_STRINGS_H 1
| #define HAVE_INTTYPES_H 1
| #define HAVE_STDINT_H 1
| #define HAVE_UNISTD_H 1
| #define HAVE_DLFCN_H 1
| #define LT_OBJDIR ".libs/"
| #define HAVE_VISIBILITY 1
| #define OSMSCOUT_EXPORT_SYMBOLS 1
| #define HAVE_LONG_LONG 1
| #define HAVE_UNSIGNED_LONG_LONG 1
| #define HAVE_INT8_T 1
| #define HAVE_UINT8_T 1
| #define HAVE_INT16_T 1
| #define HAVE_UINT16_T 1
| #define HAVE_INT32_T 1
| #define HAVE_UINT32_T 1
| #define HAVE_INT64_T 1
| #define HAVE_UINT64_T 1
| #define HAVE_STD__WSTRING 1
| #define OSMSCOUT_HAVE_STD_WSTRING 1
| #define SIZEOF_WCHAR_T 4
| #define HAVE_FCNTL_H 1
| #define HAVE_MMAP 1
| #define HAVE_POSIX_MADVISE 1
| #define HAVE_FSEEKO 1
| /* end confdefs.h.  */
| #include <stdio.h>
| int
| main ()
| {
| 
|      int op = , eax, edx;
|      FILE *f;
|       /* Opcodes for xgetbv */
|       __asm__ __volatile__ (".byte 0x0f, 0x01, 0xd0"
|         : "=a" (eax), "=d" (edx)
|         : "c" (op));
|      f = fopen("conftest_xgetbv", "w"); if (!f) return 1;
|      fprintf(f, "%x:%x\n", eax, edx);
|      fclose(f);
|      return 0;
| 
|   ;
|   return 0;
| }
configure:17981: result: unknown
configure:18072: checking for x86 cpuid 0x00000000 output
configure:18102: gcc -o conftest -g -O2   conftest.c  >&5
configure:18102: $? = 0
configure:18102: ./conftest
configure:18102: $? = 0
configure:18112: result: d:756e6547:6c65746e:49656e69
configure:18135: checking for x86 cpuid 0x80000000 output
configure:18165: gcc -o conftest -g -O2   conftest.c  >&5
configure:18165: $? = 0
configure:18165: ./conftest
configure:18165: $? = 0
configure:18175: result: 80000008:0:0:0
configure:18200: checking for x86 cpuid 0x00000001 output
configure:18230: gcc -o conftest -g -O2   conftest.c  >&5
configure:18230: $? = 0
configure:18230: ./conftest
configure:18230: $? = 0
configure:18240: result: 306a9:2010800:bdba220b:fabfbff
configure:18267: checking for x86 cpuid 0x00000007 output
configure:18297: gcc -o conftest -g -O2   conftest.c  >&5
configure:18297: $? = 0
configure:18297: ./conftest
configure:18297: $? = 0
configure:18307: result: 0:283:0:0
configure:18333: checking for x86 cpuid 0x80000001 output
configure:18363: gcc -o conftest -g -O2   conftest.c  >&5
configure:18363: $? = 0
configure:18363: ./conftest
configure:18363: $? = 0
configure:18373: result: 0:0:1:28100800
configure:18432: gcc -o conftest -g -O2   conftest.c  >&5
configure:18432: $? = 0
configure:18432: ./conftest
configure:18432: $? = 0
configure:18461: checking for x86-AVX xgetbv 0x00000000 output
configure:18491: gcc -o conftest -g -O2   conftest.c  >&5
configure:18491: $? = 0
configure:18491: ./conftest
configure:18491: $? = 0
configure:18501: result: 7:0
configure:18555: checking whether RDRND is supported by the processor
configure:18568: result: no
configure:18555: checking whether BMI1 is supported by the processor
configure:18568: result: no
configure:18555: checking whether BMI2 is supported by the processor
configure:18568: result: no
configure:18555: checking whether ADX is supported by the processor
configure:18568: result: no
configure:18555: checking whether MPX is supported by the processor
configure:18568: result: no
configure:18555: checking whether PREFETCHWT1 is supported by the processor
configure:18568: result: no
configure:18555: checking whether ABM is supported by the processor
configure:18568: result: no
configure:18555: checking whether MMX is supported by the processor
configure:18568: result: yes
configure:18572: checking whether MMX is supported by the processor and OS
configure:18585: result: yes
configure:18590: checking whether C++ compiler accepts -mmmx
configure:18609: g++ -c -g -O2 -std=c++11 -Wall -Wextra -Wpointer-arith -Wundef -Wcast-qual -Wcast-align -Wredundant-decls -Wno-long-long -Wunused-variable  -mmmx  conftest.cpp >&5
configure:18609: $? = 0
configure:18618: result: yes
configure:18555: checking whether SSE is supported by the processor
configure:18568: result: yes
configure:18572: checking whether SSE is supported by the processor and OS
configure:18585: result: yes
configure:18590: checking whether C++ compiler accepts -msse
configure:18609: g++ -c -g -O2 -std=c++11 -Wall -Wextra -Wpointer-arith -Wundef -Wcast-qual -Wcast-align -Wredundant-decls -Wno-long-long -Wunused-variable  -msse  conftest.cpp >&5
configure:18609: $? = 0
configure:18618: result: yes
configure:18555: checking whether SSE2 is supported by the processor
configure:18568: result: yes
configure:18572: checking whether SSE2 is supported by the processor and OS
configure:18585: result: yes
configure:18590: checking whether C++ compiler accepts -msse2
configure:18609: g++ -c -g -O2 -std=c++11 -Wall -Wextra -Wpointer-arith -Wundef -Wcast-qual -Wcast-align -Wredundant-decls -Wno-long-long -Wunused-variable  -msse2  conftest.cpp >&5
configure:18609: $? = 0
configure:18618: result: yes
configure:18555: checking whether SSE3 is supported by the processor
configure:18568: result: yes
configure:18572: checking whether SSE3 is supported by the processor and OS
configure:18585: result: yes
configure:18590: checking whether C++ compiler accepts -msse3
configure:18609: g++ -c -g -O2 -std=c++11 -Wall -Wextra -Wpointer-arith -Wundef -Wcast-qual -Wcast-align -Wredundant-decls -Wno-long-long -Wunused-variable  -msse3  conftest.cpp >&5
configure:18609: $? = 0
configure:18618: result: yes
configure:18555: checking whether SSSE3 is supported by the processor
configure:18568: result: yes
configure:18572: checking whether SSSE3 is supported by the processor and OS
configure:18585: result: yes
configure:18590: checking whether C++ compiler accepts -mssse3
configure:18609: g++ -c -g -O2 -std=c++11 -Wall -Wextra -Wpointer-arith -Wundef -Wcast-qual -Wcast-align -Wredundant-decls -Wno-long-long -Wunused-variable  -mssse3  conftest.cpp >&5
configure:18609: $? = 0
configure:18618: result: yes
configure:18555: checking whether SSE4.1 is supported by the processor
configure:18568: result: yes
configure:18572: checking whether SSE4.1 is supported by the processor and OS
configure:18585: result: yes
configure:18590: checking whether C++ compiler accepts -msse4.1
configure:18609: g++ -c -g -O2 -std=c++11 -Wall -Wextra -Wpointer-arith -Wundef -Wcast-qual -Wcast-align -Wredundant-decls -Wno-long-long -Wunused-variable  -msse4.1  conftest.cpp >&5
configure:18609: $? = 0
configure:18618: result: yes
configure:18555: checking whether SSE4.2 is supported by the processor
configure:18568: result: yes
configure:18572: checking whether SSE4.2 is supported by the processor and OS
configure:18585: result: yes
configure:18590: checking whether C++ compiler accepts -msse4.2
configure:18609: g++ -c -g -O2 -std=c++11 -Wall -Wextra -Wpointer-arith -Wundef -Wcast-qual -Wcast-align -Wredundant-decls -Wno-long-long -Wunused-variable  -msse4.2  conftest.cpp >&5
configure:18609: $? = 0
configure:18618: result: yes
configure:18555: checking whether SSE4a is supported by the processor
configure:18568: result: no
configure:18555: checking whether SHA is supported by the processor
configure:18568: result: no
configure:18555: checking whether AES is supported by the processor
configure:18568: result: no
configure:18555: checking whether AVX is supported by the processor
configure:18568: result: yes
configure:18572: checking whether AVX is supported by the processor and OS
configure:18585: result: yes
configure:18590: checking whether C++ compiler accepts -mavx
configure:18609: g++ -c -g -O2 -std=c++11 -Wall -Wextra -Wpointer-arith -Wundef -Wcast-qual -Wcast-align -Wredundant-decls -Wno-long-long -Wunused-variable  -mavx  conftest.cpp >&5
configure:18609: $? = 0
configure:18618: result: yes
configure:18555: checking whether FMA3 is supported by the processor
configure:18568: result: no
configure:18555: checking whether FMA4 is supported by the processor
configure:18568: result: no
configure:18555: checking whether XOP is supported by the processor
configure:18568: result: no
configure:18555: checking whether AVX2 is supported by the processor
configure:18568: result: no
configure:18555: checking whether AVX512-F is supported by the processor
configure:18568: result: no
configure:18555: checking whether AVX512-CD is supported by the processor
configure:18568: result: no
configure:18555: checking whether AVX512-PF is supported by the processor
configure:18568: result: no
configure:18555: checking whether AVX512-ER is supported by the processor
configure:18568: result: no
configure:18555: checking whether AVX512-VL is supported by the processor
configure:18568: result: no
configure:18555: checking whether AVX512-BW is supported by the processor
configure:18568: result: no
configure:18555: checking whether AVX512-DQ is supported by the processor
configure:18568: result: no
configure:18555: checking whether AVX512-IFMA is supported by the processor
configure:18568: result: no
configure:18555: checking whether AVX512-VBMI is supported by the processor
configure:18568: result: no
configure:18705: checking for OpenMP flag of C++ compiler
configure:18747: g++ -o conftest -g -O2 -std=c++11 -Wall -Wextra -Wpointer-arith -Wundef -Wcast-qual -Wcast-align -Wredundant-decls -Wno-long-long -Wunused-variable -fopenmp   conftest.cpp  >&5
clang: error: unsupported option '-fopenmp'
clang: error: unsupported option '-fopenmp'
configure:18747: $? = 1
configure: failed program was:
| /* confdefs.h */
| #define PACKAGE_NAME "libosmscout"
| #define PACKAGE_TARNAME "libosmscout"
| #define PACKAGE_VERSION "0.1"
| #define PACKAGE_STRING "libosmscout 0.1"
| #define PACKAGE_BUGREPORT "tim@teulings.org"
| #define PACKAGE_URL ""
| #define STDC_HEADERS 1
| #define HAVE_SYS_TYPES_H 1
| #define HAVE_SYS_STAT_H 1
| #define HAVE_STDLIB_H 1
| #define HAVE_STRING_H 1
| #define HAVE_MEMORY_H 1
| #define HAVE_STRINGS_H 1
| #define HAVE_INTTYPES_H 1
| #define HAVE_STDINT_H 1
| #define HAVE_UNISTD_H 1
| #define HAVE_DLFCN_H 1
| #define LT_OBJDIR ".libs/"
| #define HAVE_VISIBILITY 1
| #define OSMSCOUT_EXPORT_SYMBOLS 1
| #define HAVE_LONG_LONG 1
| #define HAVE_UNSIGNED_LONG_LONG 1
| #define HAVE_INT8_T 1
| #define HAVE_UINT8_T 1
| #define HAVE_INT16_T 1
| #define HAVE_UINT16_T 1
| #define HAVE_INT32_T 1
| #define HAVE_UINT32_T 1
| #define HAVE_INT64_T 1
| #define HAVE_UINT64_T 1
| #define HAVE_STD__WSTRING 1
| #define OSMSCOUT_HAVE_STD_WSTRING 1
| #define SIZEOF_WCHAR_T 4
| #define HAVE_FCNTL_H 1
| #define HAVE_MMAP 1
| #define HAVE_POSIX_MADVISE 1
| #define HAVE_FSEEKO 1
| #define HAVE_MMX 1
| #define HAVE_SSE 1
| #define HAVE_SSE2 1
| #define HAVE_SSE3 1
| #define HAVE_SSSE3 1
| #define HAVE_SSE4_1 1
| #define HAVE_SSE4_2 1
| #define HAVE_AVX 1
| /* end confdefs.h.  */
| 
| #include <omp.h>
| 
| static void
| parallel_fill(int * data, int n)
| {
|   int i;
| #pragma omp parallel for
|   for (i = 0; i < n; ++i)
|     data[i] = i;
| }
| 
| int
| main()
| {
|   int arr[100000];
|   omp_set_num_threads(2);
|   parallel_fill(arr, 100000);
|   return 0;
| }
| 
configure:18747: g++ -o conftest -g -O2 -std=c++11 -Wall -Wextra -Wpointer-arith -Wundef -Wcast-qual -Wcast-align -Wredundant-decls -Wno-long-long -Wunused-variable -openmp   conftest.cpp  >&5
conftest.cpp:49:10: fatal error: 'omp.h' file not found
#include <omp.h>
         ^
1 error generated.
configure:18747: $? = 1
configure: failed program was:
| /* confdefs.h */
| #define PACKAGE_NAME "libosmscout"
| #define PACKAGE_TARNAME "libosmscout"
| #define PACKAGE_VERSION "0.1"
| #define PACKAGE_STRING "libosmscout 0.1"
| #define PACKAGE_BUGREPORT "tim@teulings.org"
| #define PACKAGE_URL ""
| #define STDC_HEADERS 1
| #define HAVE_SYS_TYPES_H 1
| #define HAVE_SYS_STAT_H 1
| #define HAVE_STDLIB_H 1
| #define HAVE_STRING_H 1
| #define HAVE_MEMORY_H 1
| #define HAVE_STRINGS_H 1
| #define HAVE_INTTYPES_H 1
| #define HAVE_STDINT_H 1
| #define HAVE_UNISTD_H 1
| #define HAVE_DLFCN_H 1
| #define LT_OBJDIR ".libs/"
| #define HAVE_VISIBILITY 1
| #define OSMSCOUT_EXPORT_SYMBOLS 1
| #define HAVE_LONG_LONG 1
| #define HAVE_UNSIGNED_LONG_LONG 1
| #define HAVE_INT8_T 1
| #define HAVE_UINT8_T 1
| #define HAVE_INT16_T 1
| #define HAVE_UINT16_T 1
| #define HAVE_INT32_T 1
| #define HAVE_UINT32_T 1
| #define HAVE_INT64_T 1
| #define HAVE_UINT64_T 1
| #define HAVE_STD__WSTRING 1
| #define OSMSCOUT_HAVE_STD_WSTRING 1
| #define SIZEOF_WCHAR_T 4
| #define HAVE_FCNTL_H 1
| #define HAVE_MMAP 1
| #define HAVE_POSIX_MADVISE 1
| #define HAVE_FSEEKO 1
| #define HAVE_MMX 1
| #define HAVE_SSE 1
| #define HAVE_SSE2 1
| #define HAVE_SSE3 1
| #define HAVE_SSSE3 1
| #define HAVE_SSE4_1 1
| #define HAVE_SSE4_2 1
| #define HAVE_AVX 1
| /* end confdefs.h.  */
| 
| #include <omp.h>
| 
| static void
| parallel_fill(int * data, int n)
| {
|   int i;
| #pragma omp parallel for
|   for (i = 0; i < n; ++i)
|     data[i] = i;
| }
| 
| int
| main()
| {
|   int arr[100000];
|   omp_set_num_threads(2);
|   parallel_fill(arr, 100000);
|   return 0;
| }
| 
configure:18747: g++ -o conftest -g -O2 -std=c++11 -Wall -Wextra -Wpointer-arith -Wundef -Wcast-qual -Wcast-align -Wredundant-decls -Wno-long-long -Wunused-variable -mp   conftest.cpp  >&5
clang: error: unknown argument: '-mp'
configure:18747: $? = 1
configure: failed program was:
| /* confdefs.h */
| #define PACKAGE_NAME "libosmscout"
| #define PACKAGE_TARNAME "libosmscout"
| #define PACKAGE_VERSION "0.1"
| #define PACKAGE_STRING "libosmscout 0.1"
| #define PACKAGE_BUGREPORT "tim@teulings.org"
| #define PACKAGE_URL ""
| #define STDC_HEADERS 1
| #define HAVE_SYS_TYPES_H 1
| #define HAVE_SYS_STAT_H 1
| #define HAVE_STDLIB_H 1
| #define HAVE_STRING_H 1
| #define HAVE_MEMORY_H 1
| #define HAVE_STRINGS_H 1
| #define HAVE_INTTYPES_H 1
| #define HAVE_STDINT_H 1
| #define HAVE_UNISTD_H 1
| #define HAVE_DLFCN_H 1
| #define LT_OBJDIR ".libs/"
| #define HAVE_VISIBILITY 1
| #define OSMSCOUT_EXPORT_SYMBOLS 1
| #define HAVE_LONG_LONG 1
| #define HAVE_UNSIGNED_LONG_LONG 1
| #define HAVE_INT8_T 1
| #define HAVE_UINT8_T 1
| #define HAVE_INT16_T 1
| #define HAVE_UINT16_T 1
| #define HAVE_INT32_T 1
| #define HAVE_UINT32_T 1
| #define HAVE_INT64_T 1
| #define HAVE_UINT64_T 1
| #define HAVE_STD__WSTRING 1
| #define OSMSCOUT_HAVE_STD_WSTRING 1
| #define SIZEOF_WCHAR_T 4
| #define HAVE_FCNTL_H 1
| #define HAVE_MMAP 1
| #define HAVE_POSIX_MADVISE 1
| #define HAVE_FSEEKO 1
| #define HAVE_MMX 1
| #define HAVE_SSE 1
| #define HAVE_SSE2 1
| #define HAVE_SSE3 1
| #define HAVE_SSSE3 1
| #define HAVE_SSE4_1 1
| #define HAVE_SSE4_2 1
| #define HAVE_AVX 1
| /* end confdefs.h.  */
| 
| #include <omp.h>
| 
| static void
| parallel_fill(int * data, int n)
| {
|   int i;
| #pragma omp parallel for
|   for (i = 0; i < n; ++i)
|     data[i] = i;
| }
| 
| int
| main()
| {
|   int arr[100000];
|   omp_set_num_threads(2);
|   parallel_fill(arr, 100000);
|   return 0;
| }
| 
configure:18747: g++ -o conftest -g -O2 -std=c++11 -Wall -Wextra -Wpointer-arith -Wundef -Wcast-qual -Wcast-align -Wredundant-decls -Wno-long-long -Wunused-variable -xopenmp   conftest.cpp  >&5
clang: error: language not recognized: 'openmp'
configure:18747: $? = 1
configure: failed program was:
| /* confdefs.h */
| #define PACKAGE_NAME "libosmscout"
| #define PACKAGE_TARNAME "libosmscout"
| #define PACKAGE_VERSION "0.1"
| #define PACKAGE_STRING "libosmscout 0.1"
| #define PACKAGE_BUGREPORT "tim@teulings.org"
| #define PACKAGE_URL ""
| #define STDC_HEADERS 1
| #define HAVE_SYS_TYPES_H 1
| #define HAVE_SYS_STAT_H 1
| #define HAVE_STDLIB_H 1
| #define HAVE_STRING_H 1
| #define HAVE_MEMORY_H 1
| #define HAVE_STRINGS_H 1
| #define HAVE_INTTYPES_H 1
| #define HAVE_STDINT_H 1
| #define HAVE_UNISTD_H 1
| #define HAVE_DLFCN_H 1
| #define LT_OBJDIR ".libs/"
| #define HAVE_VISIBILITY 1
| #define OSMSCOUT_EXPORT_SYMBOLS 1
| #define HAVE_LONG_LONG 1
| #define HAVE_UNSIGNED_LONG_LONG 1
| #define HAVE_INT8_T 1
| #define HAVE_UINT8_T 1
| #define HAVE_INT16_T 1
| #define HAVE_UINT16_T 1
| #define HAVE_INT32_T 1
| #define HAVE_UINT32_T 1
| #define HAVE_INT64_T 1
| #define HAVE_UINT64_T 1
| #define HAVE_STD__WSTRING 1
| #define OSMSCOUT_HAVE_STD_WSTRING 1
| #define SIZEOF_WCHAR_T 4
| #define HAVE_FCNTL_H 1
| #define HAVE_MMAP 1
| #define HAVE_POSIX_MADVISE 1
| #define HAVE_FSEEKO 1
| #define HAVE_MMX 1
| #define HAVE_SSE 1
| #define HAVE_SSE2 1
| #define HAVE_SSE3 1
| #define HAVE_SSSE3 1
| #define HAVE_SSE4_1 1
| #define HAVE_SSE4_2 1
| #define HAVE_AVX 1
| /* end confdefs.h.  */
| 
| #include <omp.h>
| 
| static void
| parallel_fill(int * data, int n)
| {
|   int i;
| #pragma omp parallel for
|   for (i = 0; i < n; ++i)
|     data[i] = i;
| }
| 
| int
| main()
| {
|   int arr[100000];
|   omp_set_num_threads(2);
|   parallel_fill(arr, 100000);
|   return 0;
| }
| 
configure:18747: g++ -o conftest -g -O2 -std=c++11 -Wall -Wextra -Wpointer-arith -Wundef -Wcast-qual -Wcast-align -Wredundant-decls -Wno-long-long -Wunused-variable -omp   conftest.cpp  >&5
conftest.cpp:49:10: fatal error: 'omp.h' file not found
#include <omp.h>
         ^
1 error generated.
configure:18747: $? = 1
configure: failed program was:
| /* confdefs.h */
| #define PACKAGE_NAME "libosmscout"
| #define PACKAGE_TARNAME "libosmscout"
| #define PACKAGE_VERSION "0.1"
| #define PACKAGE_STRING "libosmscout 0.1"
| #define PACKAGE_BUGREPORT "tim@teulings.org"
| #define PACKAGE_URL ""
| #define STDC_HEADERS 1
| #define HAVE_SYS_TYPES_H 1
| #define HAVE_SYS_STAT_H 1
| #define HAVE_STDLIB_H 1
| #define HAVE_STRING_H 1
| #define HAVE_MEMORY_H 1
| #define HAVE_STRINGS_H 1
| #define HAVE_INTTYPES_H 1
| #define HAVE_STDINT_H 1
| #define HAVE_UNISTD_H 1
| #define HAVE_DLFCN_H 1
| #define LT_OBJDIR ".libs/"
| #define HAVE_VISIBILITY 1
| #define OSMSCOUT_EXPORT_SYMBOLS 1
| #define HAVE_LONG_LONG 1
| #define HAVE_UNSIGNED_LONG_LONG 1
| #define HAVE_INT8_T 1
| #define HAVE_UINT8_T 1
| #define HAVE_INT16_T 1
| #define HAVE_UINT16_T 1
| #define HAVE_INT32_T 1
| #define HAVE_UINT32_T 1
| #define HAVE_INT64_T 1
| #define HAVE_UINT64_T 1
| #define HAVE_STD__WSTRING 1
| #define OSMSCOUT_HAVE_STD_WSTRING 1
| #define SIZEOF_WCHAR_T 4
| #define HAVE_FCNTL_H 1
| #define HAVE_MMAP 1
| #define HAVE_POSIX_MADVISE 1
| #define HAVE_FSEEKO 1
| #define HAVE_MMX 1
| #define HAVE_SSE 1
| #define HAVE_SSE2 1
| #define HAVE_SSE3 1
| #define HAVE_SSSE3 1
| #define HAVE_SSE4_1 1
| #define HAVE_SSE4_2 1
| #define HAVE_AVX 1
| /* end confdefs.h.  */
| 
| #include <omp.h>
| 
| static void
| parallel_fill(int * data, int n)
| {
|   int i;
| #pragma omp parallel for
|   for (i = 0; i < n; ++i)
|     data[i] = i;
| }
| 
| int
| main()
| {
|   int arr[100000];
|   omp_set_num_threads(2);
|   parallel_fill(arr, 100000);
|   return 0;
| }
| 
configure:18747: g++ -o conftest -g -O2 -std=c++11 -Wall -Wextra -Wpointer-arith -Wundef -Wcast-qual -Wcast-align -Wredundant-decls -Wno-long-long -Wunused-variable -qsmp=omp   conftest.cpp  >&5
clang: error: unknown argument: '-qsmp=omp'
configure:18747: $? = 1
configure: failed program was:
| /* confdefs.h */
| #define PACKAGE_NAME "libosmscout"
| #define PACKAGE_TARNAME "libosmscout"
| #define PACKAGE_VERSION "0.1"
| #define PACKAGE_STRING "libosmscout 0.1"
| #define PACKAGE_BUGREPORT "tim@teulings.org"
| #define PACKAGE_URL ""
| #define STDC_HEADERS 1
| #define HAVE_SYS_TYPES_H 1
| #define HAVE_SYS_STAT_H 1
| #define HAVE_STDLIB_H 1
| #define HAVE_STRING_H 1
| #define HAVE_MEMORY_H 1
| #define HAVE_STRINGS_H 1
| #define HAVE_INTTYPES_H 1
| #define HAVE_STDINT_H 1
| #define HAVE_UNISTD_H 1
| #define HAVE_DLFCN_H 1
| #define LT_OBJDIR ".libs/"
| #define HAVE_VISIBILITY 1
| #define OSMSCOUT_EXPORT_SYMBOLS 1
| #define HAVE_LONG_LONG 1
| #define HAVE_UNSIGNED_LONG_LONG 1
| #define HAVE_INT8_T 1
| #define HAVE_UINT8_T 1
| #define HAVE_INT16_T 1
| #define HAVE_UINT16_T 1
| #define HAVE_INT32_T 1
| #define HAVE_UINT32_T 1
| #define HAVE_INT64_T 1
| #define HAVE_UINT64_T 1
| #define HAVE_STD__WSTRING 1
| #define OSMSCOUT_HAVE_STD_WSTRING 1
| #define SIZEOF_WCHAR_T 4
| #define HAVE_FCNTL_H 1
| #define HAVE_MMAP 1
| #define HAVE_POSIX_MADVISE 1
| #define HAVE_FSEEKO 1
| #define HAVE_MMX 1
| #define HAVE_SSE 1
| #define HAVE_SSE2 1
| #define HAVE_SSE3 1
| #define HAVE_SSSE3 1
| #define HAVE_SSE4_1 1
| #define HAVE_SSE4_2 1
| #define HAVE_AVX 1
| /* end confdefs.h.  */
| 
| #include <omp.h>
| 
| static void
| parallel_fill(int * data, int n)
| {
|   int i;
| #pragma omp parallel for
|   for (i = 0; i < n; ++i)
|     data[i] = i;
| }
| 
| int
| main()
| {
|   int arr[100000];
|   omp_set_num_threads(2);
|   parallel_fill(arr, 100000);
|   return 0;
| }
| 
configure:18747: g++ -o conftest    conftest.cpp  >&5
conftest.cpp:49:10: fatal error: 'omp.h' file not found
#include <omp.h>
         ^
1 error generated.
configure:18747: $? = 1
configure: failed program was:
| /* confdefs.h */
| #define PACKAGE_NAME "libosmscout"
| #define PACKAGE_TARNAME "libosmscout"
| #define PACKAGE_VERSION "0.1"
| #define PACKAGE_STRING "libosmscout 0.1"
| #define PACKAGE_BUGREPORT "tim@teulings.org"
| #define PACKAGE_URL ""
| #define STDC_HEADERS 1
| #define HAVE_SYS_TYPES_H 1
| #define HAVE_SYS_STAT_H 1
| #define HAVE_STDLIB_H 1
| #define HAVE_STRING_H 1
| #define HAVE_MEMORY_H 1
| #define HAVE_STRINGS_H 1
| #define HAVE_INTTYPES_H 1
| #define HAVE_STDINT_H 1
| #define HAVE_UNISTD_H 1
| #define HAVE_DLFCN_H 1
| #define LT_OBJDIR ".libs/"
| #define HAVE_VISIBILITY 1
| #define OSMSCOUT_EXPORT_SYMBOLS 1
| #define HAVE_LONG_LONG 1
| #define HAVE_UNSIGNED_LONG_LONG 1
| #define HAVE_INT8_T 1
| #define HAVE_UINT8_T 1
| #define HAVE_INT16_T 1
| #define HAVE_UINT16_T 1
| #define HAVE_INT32_T 1
| #define HAVE_UINT32_T 1
| #define HAVE_INT64_T 1
| #define HAVE_UINT64_T 1
| #define HAVE_STD__WSTRING 1
| #define OSMSCOUT_HAVE_STD_WSTRING 1
| #define SIZEOF_WCHAR_T 4
| #define HAVE_FCNTL_H 1
| #define HAVE_MMAP 1
| #define HAVE_POSIX_MADVISE 1
| #define HAVE_FSEEKO 1
| #define HAVE_MMX 1
| #define HAVE_SSE 1
| #define HAVE_SSE2 1
| #define HAVE_SSE3 1
| #define HAVE_SSSE3 1
| #define HAVE_SSE4_1 1
| #define HAVE_SSE4_2 1
| #define HAVE_AVX 1
| /* end confdefs.h.  */
| 
| #include <omp.h>
| 
| static void
| parallel_fill(int * data, int n)
| {
|   int i;
| #pragma omp parallel for
|   for (i = 0; i < n; ++i)
|     data[i] = i;
| }
| 
| int
| main()
| {
|   int arr[100000];
|   omp_set_num_threads(2);
|   parallel_fill(arr, 100000);
|   return 0;
| }
| 
configure:18756: result: unknown
configure:18838: checking for pkg-config
configure:18856: found /usr/local/bin/pkg-config
configure:18868: result: /usr/local/bin/pkg-config
configure:18893: checking pkg-config is at least version 0.9.0
configure:18896: result: yes
configure:18907: checking for MARISA
configure:18914: $PKG_CONFIG --exists --print-errors "marisa"
configure:18917: $? = 0
configure:18931: $PKG_CONFIG --exists --print-errors "marisa"
configure:18934: $? = 0
configure:18972: result: yes
configure:19104: checking if compiler needs -Werror to reject unknown flags
configure:19120: gcc -c -g -O2 -Werror -Wunknown-warning-option -Wsizeof-array-argument  conftest.c >&5
configure:19120: $? = 0
configure:19121: result: yes
configure:19141: checking whether pthreads work with -pthread
configure:19229: gcc -o conftest -g -O2 -pthread -Werror   conftest.c   >&5
configure:19229: $? = 0
configure:19238: result: yes
configure:19257: checking for joinable pthread attribute
configure:19272: gcc -o conftest -g -O2 -pthread   conftest.c   >&5
configure:19272: $? = 0
configure:19278: result: PTHREAD_CREATE_JOINABLE
configure:19288: checking if more special flags are required for pthreads
configure:19303: result: -D_THREAD_SAFE
configure:19309: checking for PTHREAD_PRIO_INHERIT
configure:19326: gcc -o conftest -g -O2 -pthread   conftest.c   >&5
configure:19326: $? = 0
configure:19335: result: yes
configure:19442: checking our pkgconfig libname
configure:19450: result: libosmscout
configure:19453: checking our pkgconfig version
configure:19461: result: 0.1
configure:19464: checking our pkgconfig_libdir
configure:19471: result: ${libdir}/pkgconfig
configure:19474: result: expanded our pkgconfig_libdir... /usr/local/lib/pkgconfig
configure:19478: checking our pkgconfig_libfile
configure:19484: result: libosmscout.pc
configure:19491: checking our package / suffix
configure:19495: result: libosmscout / 
configure:19498: checking our pkgconfig description
configure:19505: result: libosmscout base library
configure:19508: checking our pkgconfig requires
configure:19513: result: 
configure:19516: checking our pkgconfig ext libs
configure:19523: result: -losmscout -D_THREAD_SAFE -pthread -L/usr/local/Cellar/libmarisa/0.2.4_1/lib -lmarisa
configure:19526: checking our pkgconfig cppflags
configure:19531: result: -D_THREAD_SAFE -pthread -mmmx -msse -msse2 -msse3 -mssse3 -msse4.1 -msse4.2 -mavx -I/usr/local/Cellar/libmarisa/0.2.4_1/include
configure:19534: checking our pkgconfig ldflags
configure:19539: result: 
configure:19579: result: noninstalled pkgconfig -L /Users/mac/Desktop/libosmscout/libosmscout/src/.libs
configure:19614: result: noninstalled pkgconfig -I /Users/mac/Desktop/libosmscout/libosmscout/./include
configure:19733: checking that generated files are newer than configure
configure:19739: result: done
configure:19774: creating ./config.status

## ---------------------- ##
## Running config.status. ##
## ---------------------- ##

This file was extended by libosmscout config.status 0.1, which was
generated by GNU Autoconf 2.69.  Invocation command line was

  CONFIG_FILES    = 
  CONFIG_HEADERS  = 
  CONFIG_LINKS    = 
  CONFIG_COMMANDS = 
  $ ./config.status 

on Betobens-Mac.local

config.status:1222: creating Makefile
config.status:1222: creating src/Makefile
config.status:1222: creating include/Makefile
config.status:1222: creating tests/Makefile
config.status:1222: creating include/osmscout/private/Config.h
config.status:1222: creating include/osmscout/CoreFeatures.h
config.status:1451: executing depfiles commands
config.status:1451: executing libtool commands
config.status:1451: executing libosmscout.pc commands
config.status:2273: creating libosmscout.pc.in
config.status:2296: creating libosmscout.pc
config.status:2322: creating libosmscout-uninstalled.pc
config.status:2352: creating libosmscout-uninstalled.sh

## ---------------- ##
## Cache variables. ##
## ---------------- ##

ac_cv_build=x86_64-apple-darwin15.0.0
ac_cv_c_compiler_gnu=yes
ac_cv_cxx_compiler_gnu=yes
ac_cv_cxxflags_warn_all=-Wall
ac_cv_env_CCC_set=
ac_cv_env_CCC_value=
ac_cv_env_CC_set=
ac_cv_env_CC_value=
ac_cv_env_CFLAGS_set=
ac_cv_env_CFLAGS_value=
ac_cv_env_CPPFLAGS_set=
ac_cv_env_CPPFLAGS_value=
ac_cv_env_CPP_set=
ac_cv_env_CPP_value=
ac_cv_env_CXXCPP_set=
ac_cv_env_CXXCPP_value=
ac_cv_env_CXXFLAGS_set=
ac_cv_env_CXXFLAGS_value=
ac_cv_env_CXX_set=
ac_cv_env_CXX_value=
ac_cv_env_LDFLAGS_set=
ac_cv_env_LDFLAGS_value=
ac_cv_env_LIBS_set=
ac_cv_env_LIBS_value=
ac_cv_env_LT_SYS_LIBRARY_PATH_set=
ac_cv_env_LT_SYS_LIBRARY_PATH_value=
ac_cv_env_MARISA_CFLAGS_set=
ac_cv_env_MARISA_CFLAGS_value=
ac_cv_env_MARISA_LIBS_set=
ac_cv_env_MARISA_LIBS_value=
ac_cv_env_PKG_CONFIG_LIBDIR_set=
ac_cv_env_PKG_CONFIG_LIBDIR_value=
ac_cv_env_PKG_CONFIG_PATH_set=set
ac_cv_env_PKG_CONFIG_PATH_value=:/Users/mac/libosmscout-code/libosmscout:/Users/mac/libosmscout-code/libosmscout-import:/Users/mac/Desktop/libosmscout
ac_cv_env_PKG_CONFIG_set=
ac_cv_env_PKG_CONFIG_value=
ac_cv_env_build_alias_set=
ac_cv_env_build_alias_value=
ac_cv_env_host_alias_set=
ac_cv_env_host_alias_value=
ac_cv_env_target_alias_set=
ac_cv_env_target_alias_value=
ac_cv_func_mmap=yes
ac_cv_func_posix_fadvise=no
ac_cv_func_posix_madvise=yes
ac_cv_header_dlfcn_h=yes
ac_cv_header_fcntl_h=yes
ac_cv_header_inttypes_h=yes
ac_cv_header_memory_h=yes
ac_cv_header_stdc=yes
ac_cv_header_stdint_h=yes
ac_cv_header_stdlib_h=yes
ac_cv_header_string_h=yes
ac_cv_header_strings_h=yes
ac_cv_header_sys_stat_h=yes
ac_cv_header_sys_types_h=yes
ac_cv_header_unistd_h=yes
ac_cv_host=x86_64-apple-darwin15.0.0
ac_cv_objext=o
ac_cv_path_EGREP='/usr/bin/grep -E'
ac_cv_path_FGREP='/usr/bin/grep -F'
ac_cv_path_GREP=/usr/bin/grep
ac_cv_path_SED=/usr/bin/sed
ac_cv_path_ac_pt_PKG_CONFIG=/usr/local/bin/pkg-config
ac_cv_path_install='/usr/bin/install -c'
ac_cv_path_lt_DD=/bin/dd
ac_cv_prog_AWK=awk
ac_cv_prog_CPP='gcc -E'
ac_cv_prog_CXXCPP='g++ -E'
ac_cv_prog_ac_ct_AR=ar
ac_cv_prog_ac_ct_CC=gcc
ac_cv_prog_ac_ct_CXX=g++
ac_cv_prog_ac_ct_DSYMUTIL=dsymutil
ac_cv_prog_ac_ct_LIPO=lipo
ac_cv_prog_ac_ct_NMEDIT=nmedit
ac_cv_prog_ac_ct_OTOOL=otool
ac_cv_prog_ac_ct_RANLIB=ranlib
ac_cv_prog_ac_ct_STRIP=strip
ac_cv_prog_cc_c89=
ac_cv_prog_cc_g=yes
ac_cv_prog_cxx_g=yes
ac_cv_prog_make_make_set=yes
ac_cv_search_sqrt='none required'
ac_cv_sizeof_wchar_t=4
ac_cv_sys_file_offset_bits=no
ac_cv_sys_largefile_CC=no
ac_cv_sys_largefile_source=no
ac_cv_type_int16_t=yes
ac_cv_type_int32_t=yes
ac_cv_type_int64_t=yes
ac_cv_type_int8_t=yes
ac_cv_type_long_long=yes
ac_cv_type_std__shared_mutex=no
ac_cv_type_std__wstring=yes
ac_cv_type_uint16_t=yes
ac_cv_type_uint32_t=yes
ac_cv_type_uint64_t=yes
ac_cv_type_uint8_t=yes
ac_cv_type_unsigned_long_long=yes
am_cv_CC_dependencies_compiler_type=gcc3
am_cv_CXX_dependencies_compiler_type=gcc3
am_cv_make_support_nested_variables=yes
am_cv_prog_cc_c_o=yes
ax_cv_PTHREAD_PRIO_INHERIT=yes
ax_cv_check_cxxflags___mavx=yes
ax_cv_check_cxxflags___mmmx=yes
ax_cv_check_cxxflags___msse2=yes
ax_cv_check_cxxflags___msse3=yes
ax_cv_check_cxxflags___msse4_1=yes
ax_cv_check_cxxflags___msse4_2=yes
ax_cv_check_cxxflags___msse=yes
ax_cv_check_cxxflags___mssse3=yes
ax_cv_cxx_compile_cxx11=no
ax_cv_cxx_compile_cxx11__std_cpp11=yes
ax_cv_cxx_openmp=unknown
ax_cv_gcc_x86_avx_xgetbv_0x00000000=7:0
ax_cv_gcc_x86_avx_xgetbv_=unknown
ax_cv_gcc_x86_cpuid_0x00000000=d:756e6547:6c65746e:49656e69
ax_cv_gcc_x86_cpuid_0x00000001=306a9:2010800:bdba220b:fabfbff
ax_cv_gcc_x86_cpuid_0x00000007=0:283:0:0
ax_cv_gcc_x86_cpuid_0x80000000=80000008:0:0:0
ax_cv_gcc_x86_cpuid_0x80000001=0:0:1:28100800
ax_cv_gcc_x86_cpuid_=unknown
ax_cv_have_abm_cpu_ext=no
ax_cv_have_abm_ext=no
ax_cv_have_adx_cpu_ext=no
ax_cv_have_adx_ext=no
ax_cv_have_aes_cpu_ext=no
ax_cv_have_aes_ext=no
ax_cv_have_avx2_cpu_ext=no
ax_cv_have_avx2_ext=no
ax_cv_have_avx512_os_support_ext=no
ax_cv_have_avx512bw_cpu_ext=no
ax_cv_have_avx512bw_ext=no
ax_cv_have_avx512cd_cpu_ext=no
ax_cv_have_avx512cd_ext=no
ax_cv_have_avx512dq_cpu_ext=no
ax_cv_have_avx512dq_ext=no
ax_cv_have_avx512er_cpu_ext=no
ax_cv_have_avx512er_ext=no
ax_cv_have_avx512f_cpu_ext=no
ax_cv_have_avx512f_ext=no
ax_cv_have_avx512ifma_cpu_ext=no
ax_cv_have_avx512ifma_ext=no
ax_cv_have_avx512pf_cpu_ext=no
ax_cv_have_avx512pf_ext=no
ax_cv_have_avx512vbmi_cpu_ext=no
ax_cv_have_avx512vbmi_ext=no
ax_cv_have_avx512vl_cpu_ext=no
ax_cv_have_avx512vl_ext=no
ax_cv_have_avx_cpu_ext=yes
ax_cv_have_avx_ext=yes
ax_cv_have_avx_os_support_ext=yes
ax_cv_have_bmi1_cpu_ext=no
ax_cv_have_bmi1_ext=no
ax_cv_have_bmi2_cpu_ext=no
ax_cv_have_bmi2_ext=no
ax_cv_have_fma3_cpu_ext=no
ax_cv_have_fma3_ext=no
ax_cv_have_fma4_cpu_ext=no
ax_cv_have_fma4_ext=no
ax_cv_have_mmx_cpu_ext=yes
ax_cv_have_mmx_ext=yes
ax_cv_have_mmx_os_support_ext=yes
ax_cv_have_mpx_cpu_ext=no
ax_cv_have_mpx_ext=no
ax_cv_have_none_os_support_ext=yes
ax_cv_have_prefetchwt1_cpu_ext=no
ax_cv_have_prefetchwt1_ext=no
ax_cv_have_rdrnd_cpu_ext=no
ax_cv_have_rdrnd_ext=no
ax_cv_have_sha_cpu_ext=no
ax_cv_have_sha_ext=no
ax_cv_have_sse2_cpu_ext=yes
ax_cv_have_sse2_ext=yes
ax_cv_have_sse3_cpu_ext=yes
ax_cv_have_sse3_ext=yes
ax_cv_have_sse41_cpu_ext=yes
ax_cv_have_sse41_ext=yes
ax_cv_have_sse42_cpu_ext=yes
ax_cv_have_sse42_ext=yes
ax_cv_have_sse4a_cpu_ext=no
ax_cv_have_sse4a_ext=no
ax_cv_have_sse_cpu_ext=yes
ax_cv_have_sse_ext=yes
ax_cv_have_sse_os_support_ext=yes
ax_cv_have_ssse3_cpu_ext=yes
ax_cv_have_ssse3_ext=yes
ax_cv_have_xop_cpu_ext=no
ax_cv_have_xop_ext=no
ax_cv_support_abm_ext=no
ax_cv_support_adx_ext=no
ax_cv_support_aes_ext=no
ax_cv_support_avx2_ext=no
ax_cv_support_avx512bw_ext=no
ax_cv_support_avx512cd_ext=no
ax_cv_support_avx512dq_ext=no
ax_cv_support_avx512er_ext=no
ax_cv_support_avx512f_ext=no
ax_cv_support_avx512ifma_ext=no
ax_cv_support_avx512pf_ext=no
ax_cv_support_avx512vbmi_ext=no
ax_cv_support_avx512vl_ext=no
ax_cv_support_avx_ext=yes
ax_cv_support_bmi1_ext=no
ax_cv_support_bmi2_ext=no
ax_cv_support_fma3_ext=no
ax_cv_support_fma4_ext=no
ax_cv_support_mmx_ext=yes
ax_cv_support_mpx_ext=no
ax_cv_support_prefetchwt1_ext=no
ax_cv_support_rdrnd_ext=no
ax_cv_support_sha_ext=no
ax_cv_support_sse2_ext=yes
ax_cv_support_sse3_ext=yes
ax_cv_support_sse41_ext=yes
ax_cv_support_sse42_ext=yes
ax_cv_support_sse4a_ext=no
ax_cv_support_sse_ext=yes
ax_cv_support_ssse3_ext=yes
ax_cv_support_xop_ext=no
gl_cv_cc_vis_werror=yes
gl_cv_cc_visibility=yes
lt_cv_apple_cc_single_mod=yes
lt_cv_ar_at_file=no
lt_cv_deplibs_check_method=pass_all
lt_cv_file_magic_cmd='$MAGIC_CMD'
lt_cv_file_magic_test_file=
lt_cv_ld_exported_symbols_list=yes
lt_cv_ld_force_load=yes
lt_cv_ld_reload_flag=-r
lt_cv_nm_interface='BSD nm'
lt_cv_objdir=.libs
lt_cv_path_LD=/Applications/Xcode.app/Contents/Developer/Toolchains/XcodeDefault.xctoolchain/usr/bin/ld
lt_cv_path_LDCXX=/Applications/Xcode.app/Contents/Developer/Toolchains/XcodeDefault.xctoolchain/usr/bin/ld
lt_cv_path_NM='/usr/bin/nm -B'
lt_cv_path_mainfest_tool=no
lt_cv_prog_compiler_c_o=yes
lt_cv_prog_compiler_c_o_CXX=yes
lt_cv_prog_compiler_pic='-fno-common -DPIC'
lt_cv_prog_compiler_pic_CXX='-fno-common -DPIC'
lt_cv_prog_compiler_pic_works=yes
lt_cv_prog_compiler_pic_works_CXX=yes
lt_cv_prog_compiler_rtti_exceptions=yes
lt_cv_prog_compiler_static_works=no
lt_cv_prog_compiler_static_works_CXX=no
lt_cv_prog_gnu_ld=no
lt_cv_prog_gnu_ldcxx=no
lt_cv_sharedlib_from_linklib_cmd='printf %s\n'
lt_cv_sys_global_symbol_pipe='sed -n -e '\''s/^.*[	 ]\([BCDEGRST][BCDEGRST]*\)[	 ][	 ]*_\([_A-Za-z][_A-Za-z0-9]*\)$/\1 _\2 \2/p'\'' | sed '\''/ __gnu_lto/d'\'''
lt_cv_sys_global_symbol_to_c_name_address='sed -n -e '\''s/^: \(.*\) .*$/  {"\1", (void *) 0},/p'\'' -e '\''s/^[BCDEGRST][BCDEGRST]* .* \(.*\)$/  {"\1", (void *) \&\1},/p'\'''
lt_cv_sys_global_symbol_to_c_name_address_lib_prefix='sed -n -e '\''s/^: \(.*\) .*$/  {"\1", (void *) 0},/p'\'' -e '\''s/^[BCDEGRST][BCDEGRST]* .* \(lib.*\)$/  {"\1", (void *) \&\1},/p'\'' -e '\''s/^[BCDEGRST][BCDEGRST]* .* \(.*\)$/  {"lib\1", (void *) \&\1},/p'\'''
lt_cv_sys_global_symbol_to_cdecl='sed -n -e '\''s/^T .* \(.*\)$/extern int \1();/p'\'' -e '\''s/^[BCDEGRST][BCDEGRST]* .* \(.*\)$/extern char \1;/p'\'''
lt_cv_sys_global_symbol_to_import=
lt_cv_sys_max_cmd_len=196608
lt_cv_to_host_file_cmd=func_convert_file_noop
lt_cv_to_tool_file_cmd=func_convert_file_noop
lt_cv_truncate_bin='/bin/dd bs=4096 count=1'
pkg_cv_MARISA_CFLAGS=-I/usr/local/Cellar/libmarisa/0.2.4_1/include
pkg_cv_MARISA_LIBS='-L/usr/local/Cellar/libmarisa/0.2.4_1/lib -lmarisa'

## ----------------- ##
## Output variables. ##
## ----------------- ##

ACLOCAL='${SHELL} /Users/mac/Desktop/libosmscout/libosmscout/missing aclocal-1.15'
AMDEPBACKSLASH='\'
AMDEP_FALSE='#'
AMDEP_TRUE=''
AMTAR='$${TAR-tar}'
AM_BACKSLASH='\'
AM_DEFAULT_V='$(AM_DEFAULT_VERBOSITY)'
AM_DEFAULT_VERBOSITY='0'
AM_V='$(V)'
AR='ar'
AS='as'
AUTOCONF='${SHELL} /Users/mac/Desktop/libosmscout/libosmscout/missing autoconf'
AUTOHEADER='${SHELL} /Users/mac/Desktop/libosmscout/libosmscout/missing autoheader'
AUTOMAKE='${SHELL} /Users/mac/Desktop/libosmscout/libosmscout/missing automake-1.15'
AWK='awk'
CC='gcc'
CCDEPMODE='depmode=gcc3'
CFLAGS='-g -O2'
CFLAG_VISIBILITY='-fvisibility=hidden'
CPP='gcc -E'
CPPFLAGS='-DLIB_DATADIR=\"${datarootdir}/libosmscout\" '
CPUEXT_FLAGS=''
CXX='g++'
CXXCPP='g++ -E'
CXXDEPMODE='depmode=gcc3'
CXXFLAGS='-g -O2 -std=c++11 -Wall -Wextra -Wpointer-arith -Wundef -Wcast-qual -Wcast-align -Wredundant-decls -Wno-long-long -Wunused-variable'
CYGPATH_W='echo'
DEFS='-DHAVE_CONFIG_H'
DEPDIR='.deps'
DLLTOOL='false'
DSYMUTIL='dsymutil'
DUMPBIN=''
ECHO_C='\c'
ECHO_N=''
ECHO_T=''
EGREP='/usr/bin/grep -E'
EXEEXT=''
FGREP='/usr/bin/grep -F'
GREP='/usr/bin/grep'
HAVE_CXX11=''
HAVE_VISIBILITY='1'
INSTALL_DATA='${INSTALL} -m 644'
INSTALL_PROGRAM='${INSTALL}'
INSTALL_SCRIPT='${INSTALL}'
INSTALL_STRIP_PROGRAM='$(install_sh) -c -s'
LD='/Applications/Xcode.app/Contents/Developer/Toolchains/XcodeDefault.xctoolchain/usr/bin/ld'
LDFLAGS=''
LIBOBJS=''
LIBS=''
LIBTOOL='$(SHELL) $(top_builddir)/libtool'
LIPO='lipo'
LN_S='ln -s'
LTLIBOBJS=''
LT_SYS_LIBRARY_PATH=''
MAKEINFO='${SHELL} /Users/mac/Desktop/libosmscout/libosmscout/missing makeinfo'
MANIFEST_TOOL=':'
MARISA_CFLAGS='-I/usr/local/Cellar/libmarisa/0.2.4_1/include'
MARISA_LIBS='-L/usr/local/Cellar/libmarisa/0.2.4_1/lib -lmarisa'
MKDIR_P='./install-sh -c -d'
NM='/usr/bin/nm -B'
NMEDIT='nmedit'
OBJDUMP='false'
OBJEXT='o'
OPENMP_CXXFLAGS=''
OSMSCOUT_HAVE_LIB_MARISA_FALSE='#'
OSMSCOUT_HAVE_LIB_MARISA_TRUE=''
OSMSCOUT_HAVE_SSE2_FALSE='#'
OSMSCOUT_HAVE_SSE2_TRUE=''
OTOOL64=':'
OTOOL='otool'
PACKAGE='libosmscout'
PACKAGE_BUGREPORT='tim@teulings.org'
PACKAGE_NAME='libosmscout'
PACKAGE_STRING='libosmscout 0.1'
PACKAGE_TARNAME='libosmscout'
PACKAGE_URL=''
PACKAGE_VERSION='0.1'
PATH_SEPARATOR=':'
PKG_CONFIG='/usr/local/bin/pkg-config'
PKG_CONFIG_LIBDIR=''
PKG_CONFIG_PATH=':/Users/mac/libosmscout-code/libosmscout:/Users/mac/libosmscout-code/libosmscout-import:/Users/mac/Desktop/libosmscout'
PTHREAD_CC='gcc'
PTHREAD_CFLAGS='-D_THREAD_SAFE -pthread'
PTHREAD_LIBS=''
RANLIB='ranlib'
SED='/usr/bin/sed'
SET_MAKE=''
SHELL='/bin/sh'
SIMD_FLAGS=' -mmmx -msse -msse2 -msse3 -mssse3 -msse4.1 -msse4.2 -mavx'
STRIP='strip'
VERSION='0.1'
ac_ct_AR='ar'
ac_ct_CC='gcc'
ac_ct_CXX='g++'
ac_ct_DUMPBIN=''
am__EXEEXT_FALSE=''
am__EXEEXT_TRUE='#'
am__fastdepCC_FALSE='#'
am__fastdepCC_TRUE=''
am__fastdepCXX_FALSE='#'
am__fastdepCXX_TRUE=''
am__include='include'
am__isrc=''
am__leading_dot='.'
am__nodep='_no'
am__quote=''
am__tar='$${TAR-tar} chof - "$$tardir"'
am__untar='$${TAR-tar} xf -'
ax_pthread_config=''
bindir='${exec_prefix}/bin'
build='x86_64-apple-darwin15.0.0'
build_alias=''
build_cpu='x86_64'
build_os='darwin15.0.0'
build_vendor='apple'
datadir='${datarootdir}'
datarootdir='${prefix}/share'
docdir='${datarootdir}/doc/${PACKAGE_TARNAME}'
dvidir='${docdir}'
exec_prefix='${prefix}'
host='x86_64-apple-darwin15.0.0'
host_alias=''
host_cpu='x86_64'
host_os='darwin15.0.0'
host_vendor='apple'
htmldir='${docdir}'
includedir='${prefix}/include'
infodir='${datarootdir}/info'
install_sh='${SHELL} /Users/mac/Desktop/libosmscout/libosmscout/install-sh'
libdir='${exec_prefix}/lib'
libexecdir='${exec_prefix}/libexec'
localedir='${datarootdir}/locale'
localstatedir='${prefix}/var'
mandir='${datarootdir}/man'
mkdir_p='$(MKDIR_P)'
oldincludedir='/usr/include'
pdfdir='${docdir}'
pkgconfig_libdir='${libdir}/pkgconfig'
pkgconfig_libfile='libosmscout.pc'
prefix='/usr/local'
program_transform_name='s,x,x,'
psdir='${docdir}'
sbindir='${exec_prefix}/sbin'
sharedstatedir='${prefix}/com'
sysconfdir='${prefix}/etc'
target_alias=''

## ----------- ##
## confdefs.h. ##
## ----------- ##

/* confdefs.h */
#define PACKAGE_NAME "libosmscout"
#define PACKAGE_TARNAME "libosmscout"
#define PACKAGE_VERSION "0.1"
#define PACKAGE_STRING "libosmscout 0.1"
#define PACKAGE_BUGREPORT "tim@teulings.org"
#define PACKAGE_URL ""
#define STDC_HEADERS 1
#define HAVE_SYS_TYPES_H 1
#define HAVE_SYS_STAT_H 1
#define HAVE_STDLIB_H 1
#define HAVE_STRING_H 1
#define HAVE_MEMORY_H 1
#define HAVE_STRINGS_H 1
#define HAVE_INTTYPES_H 1
#define HAVE_STDINT_H 1
#define HAVE_UNISTD_H 1
#define HAVE_DLFCN_H 1
#define LT_OBJDIR ".libs/"
#define HAVE_VISIBILITY 1
#define OSMSCOUT_EXPORT_SYMBOLS 1
#define HAVE_LONG_LONG 1
#define HAVE_UNSIGNED_LONG_LONG 1
#define HAVE_INT8_T 1
#define HAVE_UINT8_T 1
#define HAVE_INT16_T 1
#define HAVE_UINT16_T 1
#define HAVE_INT32_T 1
#define HAVE_UINT32_T 1
#define HAVE_INT64_T 1
#define HAVE_UINT64_T 1
#define HAVE_STD__WSTRING 1
#define OSMSCOUT_HAVE_STD_WSTRING 1
#define SIZEOF_WCHAR_T 4
#define HAVE_FCNTL_H 1
#define HAVE_MMAP 1
#define HAVE_POSIX_MADVISE 1
#define HAVE_FSEEKO 1
#define HAVE_MMX 1
#define HAVE_SSE 1
#define HAVE_SSE2 1
#define HAVE_SSE3 1
#define HAVE_SSSE3 1
#define HAVE_SSE4_1 1
#define HAVE_SSE4_2 1
#define HAVE_AVX 1
#define OSMSCOUT_HAVE_SSE2 1
#define OSMSCOUT_HAVE_LIB_MARISA 1
#define HAVE_PTHREAD_PRIO_INHERIT 1
#define HAVE_PTHREAD 1

configure: exit 0
