This file contains any messages produced by compilers while
running configure, to aid debugging if configure makes a mistake.

It was created by Import configure 0.1, which was
generated by GNU Autoconf 2.69.  Invocation command line was

  $ ./configure 

## --------- ##
## Platform. ##
## --------- ##

hostname = Betobens-Mac.local
uname -m = x86_64
uname -r = 15.0.0
uname -s = Darwin
uname -v = Darwin Kernel Version 15.0.0: Wed Aug 26 16:57:32 PDT 2015; root:xnu-3247.1.106~1/RELEASE_X86_64

/usr/bin/uname -p = i386
/bin/uname -X     = unknown

/bin/arch              = unknown
/usr/bin/arch -k       = unknown
/usr/convex/getsysinfo = unknown
/usr/bin/hostinfo      = Mach kernel version:
	 Darwin Kernel Version 15.0.0: Wed Aug 26 16:57:32 PDT 2015; root:xnu-3247.1.106~1/RELEASE_X86_64
Kernel configured for up to 2 processors.
2 processors are physically available.
2 processors are logically available.
Processor type: i486 (Intel 80486)
Processors active: 0 1
Primary memory available: 6.00 gigabytes
Default processor set: 301 tasks, 1087 threads, 2 processors
Load average: 2.74, Mach factor: 0.37
/bin/machine           = unknown
/usr/bin/oslevel       = unknown
/bin/universe          = unknown

PATH: /usr/local/bin
PATH: /usr/bin
PATH: /bin
PATH: /usr/sbin
PATH: /sbin


## ----------- ##
## Core tests. ##
## ----------- ##

configure:2322: checking for a BSD-compatible install
configure:2390: result: /usr/bin/install -c
configure:2401: checking whether build environment is sane
configure:2456: result: yes
configure:2607: checking for a thread-safe mkdir -p
configure:2646: result: ./install-sh -c -d
configure:2653: checking for gawk
configure:2683: result: no
configure:2653: checking for mawk
configure:2683: result: no
configure:2653: checking for nawk
configure:2683: result: no
configure:2653: checking for awk
configure:2669: found /usr/bin/awk
configure:2680: result: awk
configure:2691: checking whether make sets $(MAKE)
configure:2713: result: yes
configure:2742: checking whether make supports nested variables
configure:2759: result: yes
configure:2902: checking whether make supports nested variables
configure:2919: result: yes
configure:2989: checking for g++
configure:3005: found /usr/bin/g++
configure:3016: result: g++
configure:3043: checking for C++ compiler version
configure:3052: g++ --version >&5
Apple LLVM version 7.3.0 (clang-703.0.29)
Target: x86_64-apple-darwin15.0.0
Thread model: posix
InstalledDir: /Applications/Xcode.app/Contents/Developer/Toolchains/XcodeDefault.xctoolchain/usr/bin
Configured with: --prefix=/Applications/Xcode.app/Contents/Developer/usr --with-gxx-include-dir=/usr/include/c++/4.2.1
configure:3063: $? = 0
configure:3052: g++ -v >&5
Configured with: --prefix=/Applications/Xcode.app/Contents/Developer/usr --with-gxx-include-dir=/usr/include/c++/4.2.1
Apple LLVM version 7.3.0 (clang-703.0.29)
Target: x86_64-apple-darwin15.0.0
Thread model: posix
InstalledDir: /Applications/Xcode.app/Contents/Developer/Toolchains/XcodeDefault.xctoolchain/usr/bin
configure:3063: $? = 0
configure:3052: g++ -V >&5
clang: error: argument to '-V' is missing (expected 1 value)
clang: error: no input files
configure:3063: $? = 1
configure:3052: g++ -qversion >&5
clang: error: unknown argument: '-qversion'
clang: error: no input files
configure:3063: $? = 1
configure:3083: checking whether the C++ compiler works
configure:3105: g++    conftest.cpp  >&5
configure:3109: $? = 0
configure:3157: result: yes
configure:3160: checking for C++ compiler default output file name
configure:3162: result: a.out
configure:3168: checking for suffix of executables
configure:3175: g++ -o conftest    conftest.cpp  >&5
configure:3179: $? = 0
configure:3201: result: 
configure:3223: checking whether we are cross compiling
configure:3231: g++ -o conftest    conftest.cpp  >&5
configure:3235: $? = 0
configure:3242: ./conftest
configure:3246: $? = 0
configure:3261: result: no
configure:3266: checking for suffix of object files
configure:3288: g++ -c   conftest.cpp >&5
configure:3292: $? = 0
configure:3313: result: o
configure:3317: checking whether we are using the GNU C++ compiler
configure:3336: g++ -c   conftest.cpp >&5
configure:3336: $? = 0
configure:3345: result: yes
configure:3354: checking whether g++ accepts -g
configure:3374: g++ -c -g  conftest.cpp >&5
configure:3374: $? = 0
configure:3415: result: yes
configure:3449: checking for style of include used by make
configure:3477: result: GNU
configure:3503: checking dependency style of g++
configure:3614: result: gcc3
configure:3660: checking build system type
configure:3674: result: x86_64-apple-darwin15.0.0
configure:3694: checking host system type
configure:3707: result: x86_64-apple-darwin15.0.0
configure:3748: checking how to print strings
configure:3775: result: printf
configure:3844: checking for gcc
configure:3860: found /usr/bin/gcc
configure:3871: result: gcc
configure:4100: checking for C compiler version
configure:4109: gcc --version >&5
Apple LLVM version 7.3.0 (clang-703.0.29)
Target: x86_64-apple-darwin15.0.0
Thread model: posix
InstalledDir: /Applications/Xcode.app/Contents/Developer/Toolchains/XcodeDefault.xctoolchain/usr/bin
Configured with: --prefix=/Applications/Xcode.app/Contents/Developer/usr --with-gxx-include-dir=/usr/include/c++/4.2.1
configure:4120: $? = 0
configure:4109: gcc -v >&5
Configured with: --prefix=/Applications/Xcode.app/Contents/Developer/usr --with-gxx-include-dir=/usr/include/c++/4.2.1
Apple LLVM version 7.3.0 (clang-703.0.29)
Target: x86_64-apple-darwin15.0.0
Thread model: posix
InstalledDir: /Applications/Xcode.app/Contents/Developer/Toolchains/XcodeDefault.xctoolchain/usr/bin
configure:4120: $? = 0
configure:4109: gcc -V >&5
clang: error: argument to '-V' is missing (expected 1 value)
clang: error: no input files
configure:4120: $? = 1
configure:4109: gcc -qversion >&5
clang: error: unknown argument: '-qversion'
clang: error: no input files
configure:4120: $? = 1
configure:4124: checking whether we are using the GNU C compiler
configure:4143: gcc -c   conftest.c >&5
configure:4143: $? = 0
configure:4152: result: yes
configure:4161: checking whether gcc accepts -g
configure:4181: gcc -c -g  conftest.c >&5
configure:4181: $? = 0
configure:4222: result: yes
configure:4239: checking for gcc option to accept ISO C89
configure:4302: gcc  -c -g -O2  conftest.c >&5
configure:4302: $? = 0
configure:4315: result: none needed
configure:4340: checking whether gcc understands -c and -o together
configure:4362: gcc -c conftest.c -o conftest2.o
configure:4365: $? = 0
configure:4362: gcc -c conftest.c -o conftest2.o
configure:4365: $? = 0
configure:4377: result: yes
configure:4396: checking dependency style of gcc
configure:4507: result: gcc3
configure:4522: checking for a sed that does not truncate output
configure:4586: result: /usr/bin/sed
configure:4604: checking for grep that handles long lines and -e
configure:4662: result: /usr/bin/grep
configure:4667: checking for egrep
configure:4729: result: /usr/bin/grep -E
configure:4734: checking for fgrep
configure:4796: result: /usr/bin/grep -F
configure:4831: checking for ld used by gcc
configure:4898: result: /Applications/Xcode.app/Contents/Developer/Toolchains/XcodeDefault.xctoolchain/usr/bin/ld
configure:4905: checking if the linker (/Applications/Xcode.app/Contents/Developer/Toolchains/XcodeDefault.xctoolchain/usr/bin/ld) is GNU ld
configure:4920: result: no
configure:4932: checking for BSD- or MS-compatible name lister (nm)
configure:4986: result: /usr/bin/nm -B
configure:5116: checking the name lister (/usr/bin/nm -B) interface
configure:5123: gcc -c -g -O2  conftest.c >&5
configure:5126: /usr/bin/nm -B "conftest.o"
configure:5129: output
00000000000001f4 S _some_variable
configure:5136: result: BSD nm
configure:5139: checking whether ln -s works
configure:5143: result: yes
configure:5151: checking the maximum length of command line arguments
configure:5282: result: 196608
configure:5330: checking how to convert x86_64-apple-darwin15.0.0 file names to x86_64-apple-darwin15.0.0 format
configure:5370: result: func_convert_file_noop
configure:5377: checking how to convert x86_64-apple-darwin15.0.0 file names to toolchain format
configure:5397: result: func_convert_file_noop
configure:5404: checking for /Applications/Xcode.app/Contents/Developer/Toolchains/XcodeDefault.xctoolchain/usr/bin/ld option to reload object files
configure:5411: result: -r
configure:5485: checking for objdump
configure:5515: result: no
configure:5544: checking how to recognize dependent libraries
configure:5744: result: pass_all
configure:5829: checking for dlltool
configure:5859: result: no
configure:5889: checking how to associate runtime and link libraries
configure:5916: result: printf %s\n
configure:5977: checking for ar
configure:5993: found /usr/bin/ar
configure:6004: result: ar
configure:6041: checking for archiver @FILE support
configure:6058: gcc -c -g -O2  conftest.c >&5
configure:6058: $? = 0
configure:6061: ar cru libconftest.a @conftest.lst >&5
ar: @conftest.lst: No such file or directory
configure:6064: $? = 1
configure:6084: result: no
configure:6142: checking for strip
configure:6158: found /usr/bin/strip
configure:6169: result: strip
configure:6241: checking for ranlib
configure:6257: found /usr/bin/ranlib
configure:6268: result: ranlib
configure:6370: checking command to parse /usr/bin/nm -B output from gcc object
configure:6523: gcc -c -g -O2  conftest.c >&5
configure:6526: $? = 0
configure:6530: /usr/bin/nm -B conftest.o \| sed -n -e 's/^.*[ ]\([BCDEGRST][BCDEGRST]*\)[ ][ ]*\([_A-Za-z][_A-Za-z0-9]*\)$/\1 \2 \2/p' | sed '/ __gnu_lto/d' \> conftest.nm
configure:6533: $? = 0
cannot find nm_test_var in conftest.nm
configure:6523: gcc -c -g -O2  conftest.c >&5
configure:6526: $? = 0
configure:6530: /usr/bin/nm -B conftest.o \| sed -n -e 's/^.*[ ]\([BCDEGRST][BCDEGRST]*\)[ ][ ]*_\([_A-Za-z][_A-Za-z0-9]*\)$/\1 _\2 \2/p' | sed '/ __gnu_lto/d' \> conftest.nm
configure:6533: $? = 0
configure:6599: gcc -o conftest -g -O2   conftest.c conftstm.o >&5
warning: (x86_64)  could not find object file symbol for symbol _main
configure:6602: $? = 0
configure:6640: result: ok
configure:6687: checking for sysroot
configure:6717: result: no
configure:6724: checking for a working dd
configure:6762: result: /bin/dd
configure:6766: checking how to truncate binary pipes
configure:6781: result: /bin/dd bs=4096 count=1
configure:7110: checking for mt
configure:7140: result: no
configure:7160: checking if : is a manifest tool
configure:7166: : '-?'
configure:7174: result: no
configure:7230: checking for dsymutil
configure:7246: found /usr/bin/dsymutil
configure:7257: result: dsymutil
configure:7322: checking for nmedit
configure:7338: found /usr/bin/nmedit
configure:7349: result: nmedit
configure:7414: checking for lipo
configure:7430: found /usr/bin/lipo
configure:7441: result: lipo
configure:7506: checking for otool
configure:7522: found /usr/bin/otool
configure:7533: result: otool
configure:7598: checking for otool64
configure:7628: result: no
configure:7673: checking for -single_module linker flag
gcc -g -O2  -o libconftest.dylib -dynamiclib -Wl,-single_module conftest.c
configure:7706: result: yes
configure:7709: checking for -exported_symbols_list linker flag
configure:7729: gcc -o conftest -g -O2   -Wl,-exported_symbols_list,conftest.sym conftest.c  >&5
configure:7729: $? = 0
configure:7739: result: yes
configure:7742: checking for -force_load linker flag
gcc -g -O2 -c -o conftest.o conftest.c
ar cru libconftest.a conftest.o
ranlib libconftest.a
gcc -g -O2  -o conftest conftest.c -Wl,-force_load,./libconftest.a
configure:7774: result: yes
configure:7851: checking how to run the C preprocessor
configure:7882: gcc -E  conftest.c
configure:7882: $? = 0
configure:7896: gcc -E  conftest.c
conftest.c:11:10: fatal error: 'ac_nonexistent.h' file not found
#include <ac_nonexistent.h>
         ^
1 error generated.
configure:7896: $? = 1
configure: failed program was:
| /* confdefs.h */
| #define PACKAGE_NAME "Import"
| #define PACKAGE_TARNAME "Import"
| #define PACKAGE_VERSION "0.1"
| #define PACKAGE_STRING "Import 0.1"
| #define PACKAGE_BUGREPORT "Send bugreports to <tim@teulings.org>"
| #define PACKAGE_URL ""
| #define PACKAGE "Import"
| #define VERSION "0.1"
| /* end confdefs.h.  */
| #include <ac_nonexistent.h>
configure:7921: result: gcc -E
configure:7941: gcc -E  conftest.c
configure:7941: $? = 0
configure:7955: gcc -E  conftest.c
conftest.c:11:10: fatal error: 'ac_nonexistent.h' file not found
#include <ac_nonexistent.h>
         ^
1 error generated.
configure:7955: $? = 1
configure: failed program was:
| /* confdefs.h */
| #define PACKAGE_NAME "Import"
| #define PACKAGE_TARNAME "Import"
| #define PACKAGE_VERSION "0.1"
| #define PACKAGE_STRING "Import 0.1"
| #define PACKAGE_BUGREPORT "Send bugreports to <tim@teulings.org>"
| #define PACKAGE_URL ""
| #define PACKAGE "Import"
| #define VERSION "0.1"
| /* end confdefs.h.  */
| #include <ac_nonexistent.h>
configure:7984: checking for ANSI C header files
configure:8004: gcc -c -g -O2  conftest.c >&5
configure:8004: $? = 0
configure:8077: gcc -o conftest -g -O2   conftest.c  >&5
configure:8077: $? = 0
configure:8077: ./conftest
configure:8077: $? = 0
configure:8088: result: yes
configure:8101: checking for sys/types.h
configure:8101: gcc -c -g -O2  conftest.c >&5
configure:8101: $? = 0
configure:8101: result: yes
configure:8101: checking for sys/stat.h
configure:8101: gcc -c -g -O2  conftest.c >&5
configure:8101: $? = 0
configure:8101: result: yes
configure:8101: checking for stdlib.h
configure:8101: gcc -c -g -O2  conftest.c >&5
configure:8101: $? = 0
configure:8101: result: yes
configure:8101: checking for string.h
configure:8101: gcc -c -g -O2  conftest.c >&5
configure:8101: $? = 0
configure:8101: result: yes
configure:8101: checking for memory.h
configure:8101: gcc -c -g -O2  conftest.c >&5
configure:8101: $? = 0
configure:8101: result: yes
configure:8101: checking for strings.h
configure:8101: gcc -c -g -O2  conftest.c >&5
configure:8101: $? = 0
configure:8101: result: yes
configure:8101: checking for inttypes.h
configure:8101: gcc -c -g -O2  conftest.c >&5
configure:8101: $? = 0
configure:8101: result: yes
configure:8101: checking for stdint.h
configure:8101: gcc -c -g -O2  conftest.c >&5
configure:8101: $? = 0
configure:8101: result: yes
configure:8101: checking for unistd.h
configure:8101: gcc -c -g -O2  conftest.c >&5
configure:8101: $? = 0
configure:8101: result: yes
configure:8115: checking for dlfcn.h
configure:8115: gcc -c -g -O2  conftest.c >&5
configure:8115: $? = 0
configure:8115: result: yes
configure:8382: checking for objdir
configure:8397: result: .libs
configure:8661: checking if gcc supports -fno-rtti -fno-exceptions
configure:8679: gcc -c -g -O2  -fno-rtti -fno-exceptions conftest.c >&5
configure:8683: $? = 0
configure:8696: result: yes
configure:9054: checking for gcc option to produce PIC
configure:9061: result: -fno-common -DPIC
configure:9069: checking if gcc PIC flag -fno-common -DPIC works
configure:9087: gcc -c -g -O2  -fno-common -DPIC -DPIC conftest.c >&5
configure:9091: $? = 0
configure:9104: result: yes
configure:9133: checking if gcc static flag -static works
configure:9161: result: no
configure:9176: checking if gcc supports -c -o file.o
configure:9197: gcc -c -g -O2  -o out/conftest2.o conftest.c >&5
configure:9201: $? = 0
configure:9223: result: yes
configure:9231: checking if gcc supports -c -o file.o
configure:9278: result: yes
configure:9311: checking whether the gcc linker (/Applications/Xcode.app/Contents/Developer/Toolchains/XcodeDefault.xctoolchain/usr/bin/ld) supports shared libraries
configure:10570: result: yes
configure:10810: checking dynamic linker characteristics
configure:11628: result: darwin15.0.0 dyld
configure:11750: checking how to hardcode library paths into programs
configure:11775: result: immediate
configure:12323: checking whether stripping libraries is possible
configure:12337: result: yes
configure:12363: checking if libtool supports shared libraries
configure:12365: result: yes
configure:12368: checking whether to build shared libraries
configure:12393: result: yes
configure:12396: checking whether to build static libraries
configure:12400: result: yes
configure:12423: checking how to run the C++ preprocessor
configure:12450: g++ -E  conftest.cpp
configure:12450: $? = 0
configure:12464: g++ -E  conftest.cpp
conftest.cpp:23:10: fatal error: 'ac_nonexistent.h' file not found
#include <ac_nonexistent.h>
         ^
1 error generated.
configure:12464: $? = 1
configure: failed program was:
| /* confdefs.h */
| #define PACKAGE_NAME "Import"
| #define PACKAGE_TARNAME "Import"
| #define PACKAGE_VERSION "0.1"
| #define PACKAGE_STRING "Import 0.1"
| #define PACKAGE_BUGREPORT "Send bugreports to <tim@teulings.org>"
| #define PACKAGE_URL ""
| #define PACKAGE "Import"
| #define VERSION "0.1"
| #define STDC_HEADERS 1
| #define HAVE_SYS_TYPES_H 1
| #define HAVE_SYS_STAT_H 1
| #define HAVE_STDLIB_H 1
| #define HAVE_STRING_H 1
| #define HAVE_MEMORY_H 1
| #define HAVE_STRINGS_H 1
| #define HAVE_INTTYPES_H 1
| #define HAVE_STDINT_H 1
| #define HAVE_UNISTD_H 1
| #define HAVE_DLFCN_H 1
| #define LT_OBJDIR ".libs/"
| /* end confdefs.h.  */
| #include <ac_nonexistent.h>
configure:12489: result: g++ -E
configure:12509: g++ -E  conftest.cpp
configure:12509: $? = 0
configure:12523: g++ -E  conftest.cpp
conftest.cpp:23:10: fatal error: 'ac_nonexistent.h' file not found
#include <ac_nonexistent.h>
         ^
1 error generated.
configure:12523: $? = 1
configure: failed program was:
| /* confdefs.h */
| #define PACKAGE_NAME "Import"
| #define PACKAGE_TARNAME "Import"
| #define PACKAGE_VERSION "0.1"
| #define PACKAGE_STRING "Import 0.1"
| #define PACKAGE_BUGREPORT "Send bugreports to <tim@teulings.org>"
| #define PACKAGE_URL ""
| #define PACKAGE "Import"
| #define VERSION "0.1"
| #define STDC_HEADERS 1
| #define HAVE_SYS_TYPES_H 1
| #define HAVE_SYS_STAT_H 1
| #define HAVE_STDLIB_H 1
| #define HAVE_STRING_H 1
| #define HAVE_MEMORY_H 1
| #define HAVE_STRINGS_H 1
| #define HAVE_INTTYPES_H 1
| #define HAVE_STDINT_H 1
| #define HAVE_UNISTD_H 1
| #define HAVE_DLFCN_H 1
| #define LT_OBJDIR ".libs/"
| /* end confdefs.h.  */
| #include <ac_nonexistent.h>
configure:12685: checking for ld used by g++
configure:12752: result: /Applications/Xcode.app/Contents/Developer/Toolchains/XcodeDefault.xctoolchain/usr/bin/ld
configure:12759: checking if the linker (/Applications/Xcode.app/Contents/Developer/Toolchains/XcodeDefault.xctoolchain/usr/bin/ld) is GNU ld
configure:12774: result: no
configure:12829: checking whether the g++ linker (/Applications/Xcode.app/Contents/Developer/Toolchains/XcodeDefault.xctoolchain/usr/bin/ld) supports shared libraries
configure:13902: result: yes
configure:13938: g++ -c -g -O2  conftest.cpp >&5
configure:13941: $? = 0
configure:14422: checking for g++ option to produce PIC
configure:14429: result: -fno-common -DPIC
configure:14437: checking if g++ PIC flag -fno-common -DPIC works
configure:14455: g++ -c -g -O2  -fno-common -DPIC -DPIC conftest.cpp >&5
configure:14459: $? = 0
configure:14472: result: yes
configure:14495: checking if g++ static flag -static works
configure:14523: result: no
configure:14535: checking if g++ supports -c -o file.o
configure:14556: g++ -c -g -O2  -o out/conftest2.o conftest.cpp >&5
configure:14560: $? = 0
configure:14582: result: yes
configure:14587: checking if g++ supports -c -o file.o
configure:14634: result: yes
configure:14664: checking whether the g++ linker (/Applications/Xcode.app/Contents/Developer/Toolchains/XcodeDefault.xctoolchain/usr/bin/ld) supports shared libraries
configure:14704: result: yes
configure:14845: checking dynamic linker characteristics
configure:15590: result: darwin15.0.0 dyld
configure:15655: checking how to hardcode library paths into programs
configure:15680: result: immediate
configure:15755: checking whether g++ supports C++11 features by default
configure:15815: g++ -c -g -O2  conftest.cpp >&5
conftest.cpp:27:21: error: expected parameter declarator
      static_assert(sizeof(int) <= sizeof(T), "not big enough");
                    ^
conftest.cpp:27:21: error: expected ')'
conftest.cpp:27:20: note: to match this '('
      static_assert(sizeof(int) <= sizeof(T), "not big enough");
                   ^
conftest.cpp:27:7: error: C++ requires a type specifier for all declarations
      static_assert(sizeof(int) <= sizeof(T), "not big enough");
      ^
conftest.cpp:34:22: warning: 'override' keyword is a C++11 extension [-Wc++11-extensions]
    virtual void f() override {}
                     ^
conftest.cpp:37:29: error: a space is required between consecutive right angle brackets (use '> >')
    typedef check<check<bool>> right_angle_brackets;
                            ^~
                            > >
conftest.cpp:40:5: error: unknown type name 'decltype'
    decltype(a) b;
    ^
conftest.cpp:40:16: error: expected ';' after top level declarator
    decltype(a) b;
               ^
               ;
conftest.cpp:44:15: warning: rvalue references are a C++11 extension [-Wc++11-extensions]
    check_type&& cr = static_cast<check_type&&>(c);
              ^
conftest.cpp:44:45: warning: rvalue references are a C++11 extension [-Wc++11-extensions]
    check_type&& cr = static_cast<check_type&&>(c);
                                            ^
conftest.cpp:46:5: warning: 'auto' type specifier is a C++11 extension [-Wc++11-extensions]
    auto d = a;
    ^
conftest.cpp:47:5: warning: 'auto' type specifier is a C++11 extension [-Wc++11-extensions]
    auto l = [](){};
    ^
conftest.cpp:47:14: error: expected expression
    auto l = [](){};
             ^
conftest.cpp:57:24: warning: alias declarations are a C++11 extension [-Wc++11-extensions]
        using member = typename T::member_type;
                       ^
conftest.cpp:73:17: error: expected expression
    void noret [[noreturn]] () { throw 0; }
                ^
6 warnings and 8 errors generated.
configure:15815: $? = 1
configure: failed program was:
| /* confdefs.h */
| #define PACKAGE_NAME "Import"
| #define PACKAGE_TARNAME "Import"
| #define PACKAGE_VERSION "0.1"
| #define PACKAGE_STRING "Import 0.1"
| #define PACKAGE_BUGREPORT "Send bugreports to <tim@teulings.org>"
| #define PACKAGE_URL ""
| #define PACKAGE "Import"
| #define VERSION "0.1"
| #define STDC_HEADERS 1
| #define HAVE_SYS_TYPES_H 1
| #define HAVE_SYS_STAT_H 1
| #define HAVE_STDLIB_H 1
| #define HAVE_STRING_H 1
| #define HAVE_MEMORY_H 1
| #define HAVE_STRINGS_H 1
| #define HAVE_INTTYPES_H 1
| #define HAVE_STDINT_H 1
| #define HAVE_UNISTD_H 1
| #define HAVE_DLFCN_H 1
| #define LT_OBJDIR ".libs/"
| /* end confdefs.h.  */
| 
|   template <typename T>
|     struct check
|     {
|       static_assert(sizeof(int) <= sizeof(T), "not big enough");
|     };
| 
|     struct Base {
|     virtual void f() {}
|     };
|     struct Child : public Base {
|     virtual void f() override {}
|     };
| 
|     typedef check<check<bool>> right_angle_brackets;
| 
|     int a;
|     decltype(a) b;
| 
|     typedef check<int> check_type;
|     check_type c;
|     check_type&& cr = static_cast<check_type&&>(c);
| 
|     auto d = a;
|     auto l = [](){};
|     // Prevent Clang error: unused variable 'l' [-Werror,-Wunused-variable]
|     struct use_l { use_l() { l(); } };
| 
|     // http://stackoverflow.com/questions/13728184/template-aliases-and-sfinae
|     // Clang 3.1 fails with headers of libstd++ 4.8.3 when using std::function because of this
|     namespace test_template_alias_sfinae {
|         struct foo {};
| 
|         template<typename T>
|         using member = typename T::member_type;
| 
|         template<typename T>
|         void func(...) {}
| 
|         template<typename T>
|         void func(member<T>*) {}
| 
|         void test();
| 
|         void test() {
|             func<foo>(0);
|         }
|     }
| 
|     // Check for C++11 attribute support
|     void noret [[noreturn]] () { throw 0; }
| 
configure:15822: result: no
configure:15831: checking whether g++ supports C++11 features with -std=gnu++11
configure:15893: g++ -c -g -O2 -std=gnu++11  conftest.cpp >&5
configure:15893: $? = 0
configure:15902: result: yes
configure:16027: checking CXXFLAGS for maximum warnings
configure:16047: g++ -c -g -O2 -std=gnu++11 -warn all  -warn all  conftest.cpp >&5
clang: error: unknown argument: '-warn'
clang: error: unknown argument: '-warn'
clang: error: no such file or directory: 'all'
clang: error: no such file or directory: 'all'
configure:16047: $? = 1
configure: failed program was:
| /* confdefs.h */
| #define PACKAGE_NAME "Import"
| #define PACKAGE_TARNAME "Import"
| #define PACKAGE_VERSION "0.1"
| #define PACKAGE_STRING "Import 0.1"
| #define PACKAGE_BUGREPORT "Send bugreports to <tim@teulings.org>"
| #define PACKAGE_URL ""
| #define PACKAGE "Import"
| #define VERSION "0.1"
| #define STDC_HEADERS 1
| #define HAVE_SYS_TYPES_H 1
| #define HAVE_SYS_STAT_H 1
| #define HAVE_STDLIB_H 1
| #define HAVE_STRING_H 1
| #define HAVE_MEMORY_H 1
| #define HAVE_STRINGS_H 1
| #define HAVE_INTTYPES_H 1
| #define HAVE_STDINT_H 1
| #define HAVE_UNISTD_H 1
| #define HAVE_DLFCN_H 1
| #define LT_OBJDIR ".libs/"
| /* end confdefs.h.  */
| 
| int
| main ()
| {
| 
|   ;
|   return 0;
| }
configure:16047: g++ -c -g -O2 -std=gnu++11 -pedantic  -Wall  conftest.cpp >&5
configure:16047: $? = 0
configure:16055: result: -Wall
configure:16075: : CXXFLAGS="$CXXFLAGS"
configure:16078: $? = 0
configure:16161: checking for pkg-config
configure:16179: found /usr/local/bin/pkg-config
configure:16191: result: /usr/local/bin/pkg-config
configure:16216: checking pkg-config is at least version 0.9.0
configure:16219: result: yes
configure:16229: checking for LIBOSMSCOUT
configure:16236: $PKG_CONFIG --exists --print-errors "libosmscout libosmscout-import"
configure:16239: $? = 0
configure:16253: $PKG_CONFIG --exists --print-errors "libosmscout libosmscout-import"
configure:16256: $? = 0
configure:16314: result: yes
configure:16432: checking that generated files are newer than configure
configure:16438: result: done
configure:16465: creating ./config.status

## ---------------------- ##
## Running config.status. ##
## ---------------------- ##

This file was extended by Import config.status 0.1, which was
generated by GNU Autoconf 2.69.  Invocation command line was

  CONFIG_FILES    = 
  CONFIG_HEADERS  = 
  CONFIG_LINKS    = 
  CONFIG_COMMANDS = 
  $ ./config.status 

on Betobens-Mac.local

config.status:1155: creating Makefile
config.status:1155: creating src/Makefile
config.status:1155: creating src/config.h
config.status:1384: executing depfiles commands
config.status:1384: executing libtool commands

## ---------------- ##
## Cache variables. ##
## ---------------- ##

ac_cv_build=x86_64-apple-darwin15.0.0
ac_cv_c_compiler_gnu=yes
ac_cv_cxx_compiler_gnu=yes
ac_cv_cxxflags_warn_all=-Wall
ac_cv_env_CCC_set=
ac_cv_env_CCC_value=
ac_cv_env_CC_set=
ac_cv_env_CC_value=
ac_cv_env_CFLAGS_set=
ac_cv_env_CFLAGS_value=
ac_cv_env_CPPFLAGS_set=
ac_cv_env_CPPFLAGS_value=
ac_cv_env_CPP_set=
ac_cv_env_CPP_value=
ac_cv_env_CXXCPP_set=
ac_cv_env_CXXCPP_value=
ac_cv_env_CXXFLAGS_set=
ac_cv_env_CXXFLAGS_value=
ac_cv_env_CXX_set=
ac_cv_env_CXX_value=
ac_cv_env_LDFLAGS_set=
ac_cv_env_LDFLAGS_value=
ac_cv_env_LIBOSMSCOUT_CFLAGS_set=
ac_cv_env_LIBOSMSCOUT_CFLAGS_value=
ac_cv_env_LIBOSMSCOUT_LIBS_set=
ac_cv_env_LIBOSMSCOUT_LIBS_value=
ac_cv_env_LIBS_set=
ac_cv_env_LIBS_value=
ac_cv_env_LT_SYS_LIBRARY_PATH_set=
ac_cv_env_LT_SYS_LIBRARY_PATH_value=
ac_cv_env_PKG_CONFIG_LIBDIR_set=
ac_cv_env_PKG_CONFIG_LIBDIR_value=
ac_cv_env_PKG_CONFIG_PATH_set=set
ac_cv_env_PKG_CONFIG_PATH_value=:/Users/mac/libosmscout-code/libosmscout:/Users/mac/libosmscout-code/libosmscout-import:/Users/mac/Desktop/libosmscout:/Users/mac/Desktop/libosmscout/libosmscout:/Users/mac/Desktop/libosmscout/libosmscout-map:/Users/mac/Desktop/libosmscout/libosmscout-map-iOSX:/Users/mac/Desktop/libosmscout/libosmscout-import
ac_cv_env_PKG_CONFIG_set=
ac_cv_env_PKG_CONFIG_value=
ac_cv_env_build_alias_set=
ac_cv_env_build_alias_value=
ac_cv_env_host_alias_set=
ac_cv_env_host_alias_value=
ac_cv_env_target_alias_set=
ac_cv_env_target_alias_value=
ac_cv_header_dlfcn_h=yes
ac_cv_header_inttypes_h=yes
ac_cv_header_memory_h=yes
ac_cv_header_stdc=yes
ac_cv_header_stdint_h=yes
ac_cv_header_stdlib_h=yes
ac_cv_header_string_h=yes
ac_cv_header_strings_h=yes
ac_cv_header_sys_stat_h=yes
ac_cv_header_sys_types_h=yes
ac_cv_header_unistd_h=yes
ac_cv_host=x86_64-apple-darwin15.0.0
ac_cv_objext=o
ac_cv_path_EGREP='/usr/bin/grep -E'
ac_cv_path_FGREP='/usr/bin/grep -F'
ac_cv_path_GREP=/usr/bin/grep
ac_cv_path_SED=/usr/bin/sed
ac_cv_path_ac_pt_PKG_CONFIG=/usr/local/bin/pkg-config
ac_cv_path_install='/usr/bin/install -c'
ac_cv_path_lt_DD=/bin/dd
ac_cv_prog_AWK=awk
ac_cv_prog_CPP='gcc -E'
ac_cv_prog_CXXCPP='g++ -E'
ac_cv_prog_ac_ct_AR=ar
ac_cv_prog_ac_ct_CC=gcc
ac_cv_prog_ac_ct_CXX=g++
ac_cv_prog_ac_ct_DSYMUTIL=dsymutil
ac_cv_prog_ac_ct_LIPO=lipo
ac_cv_prog_ac_ct_NMEDIT=nmedit
ac_cv_prog_ac_ct_OTOOL=otool
ac_cv_prog_ac_ct_RANLIB=ranlib
ac_cv_prog_ac_ct_STRIP=strip
ac_cv_prog_cc_c89=
ac_cv_prog_cc_g=yes
ac_cv_prog_cxx_g=yes
ac_cv_prog_make_make_set=yes
am_cv_CC_dependencies_compiler_type=gcc3
am_cv_CXX_dependencies_compiler_type=gcc3
am_cv_make_support_nested_variables=yes
am_cv_prog_cc_c_o=yes
ax_cv_cxx_compile_cxx11=no
ax_cv_cxx_compile_cxx11__std_gnupp11=yes
lt_cv_apple_cc_single_mod=yes
lt_cv_ar_at_file=no
lt_cv_deplibs_check_method=pass_all
lt_cv_file_magic_cmd='$MAGIC_CMD'
lt_cv_file_magic_test_file=
lt_cv_ld_exported_symbols_list=yes
lt_cv_ld_force_load=yes
lt_cv_ld_reload_flag=-r
lt_cv_nm_interface='BSD nm'
lt_cv_objdir=.libs
lt_cv_path_LD=/Applications/Xcode.app/Contents/Developer/Toolchains/XcodeDefault.xctoolchain/usr/bin/ld
lt_cv_path_LDCXX=/Applications/Xcode.app/Contents/Developer/Toolchains/XcodeDefault.xctoolchain/usr/bin/ld
lt_cv_path_NM='/usr/bin/nm -B'
lt_cv_path_mainfest_tool=no
lt_cv_prog_compiler_c_o=yes
lt_cv_prog_compiler_c_o_CXX=yes
lt_cv_prog_compiler_pic='-fno-common -DPIC'
lt_cv_prog_compiler_pic_CXX='-fno-common -DPIC'
lt_cv_prog_compiler_pic_works=yes
lt_cv_prog_compiler_pic_works_CXX=yes
lt_cv_prog_compiler_rtti_exceptions=yes
lt_cv_prog_compiler_static_works=no
lt_cv_prog_compiler_static_works_CXX=no
lt_cv_prog_gnu_ld=no
lt_cv_prog_gnu_ldcxx=no
lt_cv_sharedlib_from_linklib_cmd='printf %s\n'
lt_cv_sys_global_symbol_pipe='sed -n -e '\''s/^.*[	 ]\([BCDEGRST][BCDEGRST]*\)[	 ][	 ]*_\([_A-Za-z][_A-Za-z0-9]*\)$/\1 _\2 \2/p'\'' | sed '\''/ __gnu_lto/d'\'''
lt_cv_sys_global_symbol_to_c_name_address='sed -n -e '\''s/^: \(.*\) .*$/  {"\1", (void *) 0},/p'\'' -e '\''s/^[BCDEGRST][BCDEGRST]* .* \(.*\)$/  {"\1", (void *) \&\1},/p'\'''
lt_cv_sys_global_symbol_to_c_name_address_lib_prefix='sed -n -e '\''s/^: \(.*\) .*$/  {"\1", (void *) 0},/p'\'' -e '\''s/^[BCDEGRST][BCDEGRST]* .* \(lib.*\)$/  {"\1", (void *) \&\1},/p'\'' -e '\''s/^[BCDEGRST][BCDEGRST]* .* \(.*\)$/  {"lib\1", (void *) \&\1},/p'\'''
lt_cv_sys_global_symbol_to_cdecl='sed -n -e '\''s/^T .* \(.*\)$/extern int \1();/p'\'' -e '\''s/^[BCDEGRST][BCDEGRST]* .* \(.*\)$/extern char \1;/p'\'''
lt_cv_sys_global_symbol_to_import=
lt_cv_sys_max_cmd_len=196608
lt_cv_to_host_file_cmd=func_convert_file_noop
lt_cv_to_tool_file_cmd=func_convert_file_noop
lt_cv_truncate_bin='/bin/dd bs=4096 count=1'
pkg_cv_LIBOSMSCOUT_CFLAGS='-D_THREAD_SAFE -pthread -mmmx -msse -msse2 -msse3 -mssse3 -msse4.1 -msse4.2 -mavx -I/Users/mac/Desktop/libosmscout/libosmscout/./include -I/usr/local/Cellar/libmarisa/0.2.4_1/include -I/Users/mac/Desktop/libosmscout/libosmscout-import/./include -I/usr/local/Cellar/protobuf/2.6.1/include -I/usr/include/libxml2'
pkg_cv_LIBOSMSCOUT_LIBS='-L/Users/mac/Desktop/libosmscout/libosmscout/src/.libs -L/usr/local/Cellar/libmarisa/0.2.4_1/lib -L/Users/mac/Desktop/libosmscout/libosmscout-import/src/.libs -L/usr/local/Cellar/protobuf/2.6.1/lib -losmscoutimport -lprotobuf -D_THREAD_SAFE -lz -lxml2 -losmscout -D_THREAD_SAFE -pthread -lmarisa'

## ----------------- ##
## Output variables. ##
## ----------------- ##

ACLOCAL='${SHELL} /Users/mac/Desktop/libosmscout/Import/missing aclocal-1.15'
AMDEPBACKSLASH='\'
AMDEP_FALSE='#'
AMDEP_TRUE=''
AMTAR='$${TAR-tar}'
AM_BACKSLASH='\'
AM_DEFAULT_V='$(AM_DEFAULT_VERBOSITY)'
AM_DEFAULT_VERBOSITY='0'
AM_V='$(V)'
AR='ar'
AUTOCONF='${SHELL} /Users/mac/Desktop/libosmscout/Import/missing autoconf'
AUTOHEADER='${SHELL} /Users/mac/Desktop/libosmscout/Import/missing autoheader'
AUTOMAKE='${SHELL} /Users/mac/Desktop/libosmscout/Import/missing automake-1.15'
AWK='awk'
CC='gcc'
CCDEPMODE='depmode=gcc3'
CFLAGS='-g -O2'
CPP='gcc -E'
CPPFLAGS=''
CXX='g++'
CXXCPP='g++ -E'
CXXDEPMODE='depmode=gcc3'
CXXFLAGS='-g -O2 -std=gnu++11 -Wall -Wextra -Wpointer-arith -Wundef -Wcast-qual -Wcast-align -Wredundant-decls -Wno-long-long -Wunused-variable'
CYGPATH_W='echo'
DEFS='-DHAVE_CONFIG_H'
DEPDIR='.deps'
DLLTOOL='false'
DSYMUTIL='dsymutil'
DUMPBIN=''
ECHO_C='\c'
ECHO_N=''
ECHO_T=''
EGREP='/usr/bin/grep -E'
EXEEXT=''
FGREP='/usr/bin/grep -F'
GREP='/usr/bin/grep'
HAVE_CXX11=''
INSTALL_DATA='${INSTALL} -m 644'
INSTALL_PROGRAM='${INSTALL}'
INSTALL_SCRIPT='${INSTALL}'
INSTALL_STRIP_PROGRAM='$(install_sh) -c -s'
LD='/Applications/Xcode.app/Contents/Developer/Toolchains/XcodeDefault.xctoolchain/usr/bin/ld'
LDFLAGS=''
LIBOBJS=''
LIBOSMSCOUT_CFLAGS='-D_THREAD_SAFE -pthread -mmmx -msse -msse2 -msse3 -mssse3 -msse4.1 -msse4.2 -mavx -I/Users/mac/Desktop/libosmscout/libosmscout/./include -I/usr/local/Cellar/libmarisa/0.2.4_1/include -I/Users/mac/Desktop/libosmscout/libosmscout-import/./include -I/usr/local/Cellar/protobuf/2.6.1/include -I/usr/include/libxml2'
LIBOSMSCOUT_LIBS='-L/Users/mac/Desktop/libosmscout/libosmscout/src/.libs -L/usr/local/Cellar/libmarisa/0.2.4_1/lib -L/Users/mac/Desktop/libosmscout/libosmscout-import/src/.libs -L/usr/local/Cellar/protobuf/2.6.1/lib -losmscoutimport -lprotobuf -D_THREAD_SAFE -lz -lxml2 -losmscout -D_THREAD_SAFE -pthread -lmarisa'
LIBS=''
LIBTOOL='$(SHELL) $(top_builddir)/libtool'
LIPO='lipo'
LN_S='ln -s'
LTLIBOBJS=''
LT_SYS_LIBRARY_PATH=''
MAKEINFO='${SHELL} /Users/mac/Desktop/libosmscout/Import/missing makeinfo'
MANIFEST_TOOL=':'
MKDIR_P='./install-sh -c -d'
NM='/usr/bin/nm -B'
NMEDIT='nmedit'
OBJDUMP='false'
OBJEXT='o'
OTOOL64=':'
OTOOL='otool'
PACKAGE='Import'
PACKAGE_BUGREPORT='Send bugreports to <tim@teulings.org>'
PACKAGE_NAME='Import'
PACKAGE_STRING='Import 0.1'
PACKAGE_TARNAME='Import'
PACKAGE_URL=''
PACKAGE_VERSION='0.1'
PATH_SEPARATOR=':'
PKG_CONFIG='/usr/local/bin/pkg-config'
PKG_CONFIG_LIBDIR=''
PKG_CONFIG_PATH=':/Users/mac/libosmscout-code/libosmscout:/Users/mac/libosmscout-code/libosmscout-import:/Users/mac/Desktop/libosmscout:/Users/mac/Desktop/libosmscout/libosmscout:/Users/mac/Desktop/libosmscout/libosmscout-map:/Users/mac/Desktop/libosmscout/libosmscout-map-iOSX:/Users/mac/Desktop/libosmscout/libosmscout-import'
RANLIB='ranlib'
SED='/usr/bin/sed'
SET_MAKE=''
SHELL='/bin/sh'
STRIP='strip'
VERSION='0.1'
ac_ct_AR='ar'
ac_ct_CC='gcc'
ac_ct_CXX='g++'
ac_ct_DUMPBIN=''
am__EXEEXT_FALSE=''
am__EXEEXT_TRUE='#'
am__fastdepCC_FALSE='#'
am__fastdepCC_TRUE=''
am__fastdepCXX_FALSE='#'
am__fastdepCXX_TRUE=''
am__include='include'
am__isrc=''
am__leading_dot='.'
am__nodep='_no'
am__quote=''
am__tar='$${TAR-tar} chof - "$$tardir"'
am__untar='$${TAR-tar} xf -'
bindir='${exec_prefix}/bin'
build='x86_64-apple-darwin15.0.0'
build_alias=''
build_cpu='x86_64'
build_os='darwin15.0.0'
build_vendor='apple'
datadir='${datarootdir}'
datarootdir='${prefix}/share'
docdir='${datarootdir}/doc/${PACKAGE_TARNAME}'
dvidir='${docdir}'
exec_prefix='${prefix}'
host='x86_64-apple-darwin15.0.0'
host_alias=''
host_cpu='x86_64'
host_os='darwin15.0.0'
host_vendor='apple'
htmldir='${docdir}'
includedir='${prefix}/include'
infodir='${datarootdir}/info'
install_sh='${SHELL} /Users/mac/Desktop/libosmscout/Import/install-sh'
libdir='${exec_prefix}/lib'
libexecdir='${exec_prefix}/libexec'
localedir='${datarootdir}/locale'
localstatedir='${prefix}/var'
mandir='${datarootdir}/man'
mkdir_p='$(MKDIR_P)'
oldincludedir='/usr/include'
pdfdir='${docdir}'
prefix='/usr/local'
program_transform_name='s,x,x,'
psdir='${docdir}'
sbindir='${exec_prefix}/sbin'
sharedstatedir='${prefix}/com'
sysconfdir='${prefix}/etc'
target_alias=''

## ----------- ##
## confdefs.h. ##
## ----------- ##

/* confdefs.h */
#define PACKAGE_NAME "Import"
#define PACKAGE_TARNAME "Import"
#define PACKAGE_VERSION "0.1"
#define PACKAGE_STRING "Import 0.1"
#define PACKAGE_BUGREPORT "Send bugreports to <tim@teulings.org>"
#define PACKAGE_URL ""
#define PACKAGE "Import"
#define VERSION "0.1"
#define STDC_HEADERS 1
#define HAVE_SYS_TYPES_H 1
#define HAVE_SYS_STAT_H 1
#define HAVE_STDLIB_H 1
#define HAVE_STRING_H 1
#define HAVE_MEMORY_H 1
#define HAVE_STRINGS_H 1
#define HAVE_INTTYPES_H 1
#define HAVE_STDINT_H 1
#define HAVE_UNISTD_H 1
#define HAVE_DLFCN_H 1
#define LT_OBJDIR ".libs/"

configure: exit 0
